Unity Editor version:    6000.3.10f1 (e35f0c77bd8e)
Branch:                  6000.3/staging
Build type:              Release
Batch mode:              YES
macOS version:           Version 26.5.1 (Build 25F80)
Darwin version:          25.5.0
Architecture:            arm64
Running under Rosetta:   NO
Available memory:        65536 MB
Date:                    2026-06-20T20:32:17Z
[Licensing::Module] Trying to connect to existing licensing client channel...
[Licensing::IpcConnector] Successfully connected to: "LicenseClient-chriswilliams" at "2026-06-20T20:32:17.206303Z"

COMMAND LINE ARGUMENTS:
/Applications/Unity/Hub/Editor/6000.3.10f1/Unity.app/Contents/MacOS/Unity
-adb2
-batchMode
-noUpm
-name
AssetImportWorker0
-projectPath
/Users/chriswilliams/UnityRepo/GridSwatch/GridSwatch/GridSwatch
-logFile
Logs/AssetImportWorker0.log
-srvPort
61840
-licensingIpc
LicenseClient-chriswilliams
-job-worker-count
4
-background-job-worker-count
8
-gc-helper-count
1
-name AssetImport
Successfully changed project path to: /Users/chriswilliams/UnityRepo/GridSwatch/GridSwatch/GridSwatch
/Users/chriswilliams/UnityRepo/GridSwatch/GridSwatch/GridSwatch
[UnityMemory] Configuration Parameters - Can be set up in boot.config
    "memorysetup-allocator-temp-initial-block-size-main=262144"
    "memorysetup-allocator-temp-initial-block-size-worker=262144"
    "memorysetup-temp-allocator-size-background-worker=32768"
    "memorysetup-temp-allocator-size-job-worker=262144"
    "memorysetup-temp-allocator-size-preload-manager=33554432"
    "memorysetup-temp-allocator-size-nav-mesh-worker=65536"
    "memorysetup-temp-allocator-size-audio-worker=65536"
    "memorysetup-temp-allocator-size-cloud-worker=32768"
    "memorysetup-bucket-allocator-granularity=16"
    "memorysetup-bucket-allocator-bucket-count=8"
    "memorysetup-bucket-allocator-block-size=33554432"
    "memorysetup-bucket-allocator-block-count=8"
    "memorysetup-main-allocator-block-size=16777216"
    "memorysetup-thread-allocator-block-size=16777216"
    "memorysetup-gfx-main-allocator-block-size=16777216"
    "memorysetup-gfx-thread-allocator-block-size=16777216"
    "memorysetup-cache-allocator-block-size=4194304"
    "memorysetup-typetree-allocator-block-size=2097152"
    "memorysetup-profiler-bucket-allocator-granularity=16"
    "memorysetup-profiler-bucket-allocator-bucket-count=8"
    "memorysetup-profiler-bucket-allocator-block-size=33554432"
    "memorysetup-profiler-bucket-allocator-block-count=8"
    "memorysetup-profiler-allocator-block-size=16777216"
    "memorysetup-profiler-editor-allocator-block-size=1048576"
    "memorysetup-temp-allocator-size-main=16777216"
    "memorysetup-job-temp-allocator-block-size=2097152"
    "memorysetup-job-temp-allocator-block-size-background=1048576"
    "memorysetup-job-temp-allocator-reduction-small-platforms=262144"
    "memorysetup-temp-allocator-size-gi-baking-worker=262144"
    "memorysetup-temp-allocator-size-gi-baking-worker=262144"
    "memorysetup-temp-allocator-size-gi-baking-worker=262144"
    "memorysetup-temp-allocator-size-gi-baking-worker=262144"
    "memorysetup-temp-allocator-size-gi-baking-worker=262144"
    "memorysetup-temp-allocator-size-gfx=262144"
Player connection [8296521344]  Target information:

Player connection [8296521344]  * "[IP] 192.168.1.170 [Port] 0 [Flags] 2 [Guid] 1991125210 [EditorId] 1991125210 [Version] 1048832 [Id] OSXEditor(0,MacBookPro) [Debug] 1 [PackageName] OSXEditor [ProjectName] Editor" 

Player connection [8296521344] Host joined multi-casting on [225.0.0.222:54997]...
Player connection [8296521344] Host joined alternative multi-casting on [225.0.0.222:34997]...
JobSystem: Creating JobQueue using job-worker-count value 4
Input System module state changed to: Initialized.
[Physics::Module] Initialized fallback backend.
[Physics::Module] Id: 0xdecafbad
Library Redirect Path: Library/
[Physics::Module] Selected backend.
[Physics::Module] Name: PhysX
[Physics::Module] Id: 0xf2b8ea05
[Physics::Module] SDK Version: 4.1.2
[Physics::Module] Integration Version: 1.0.0
[Physics::Module] Threading Mode: Multi-Threaded
[Licensing::Module] Licensing is not yet initialized.
[Licensing::Client] Handshaking with LicensingClient:
  Version:                 1.17.4+4293ba1
  Session Id:              b75061c9e383422fa64eda93e7aed58a
  Correlation Id:          e96faf2d5b497ed8f0144afc5dfa7537
  External correlation Id: 6000085971244019798
  Machine Id:              KI/wy768VbMY4ESvw7p8npOdLmU=
[Licensing::Module] Successfully connected to LicensingClient on channel: "LicenseClient-chriswilliams" (connect: 0.00s, validation: 0.00s, handshake: 0.59s)
[Licensing::IpcConnector] Successfully connected to: "LicenseClient-chriswilliams-notifications" at "2026-06-20T20:32:17.79965Z"
[Licensing::Module] Licensing Background thread has ended after 0.59s
[Licensing::Module] Licensing is initialized (took 0.25s).
[Licensing::Client] Successfully resolved entitlement details
[Licensing::Module] License group:
  Id: 2475917943566-zac_unity393-UnitXXXX
  Product: Unity Pro
  Type: Assigned
  Expiration: 2026-11-09T00:00:00Z
Refreshing native plugins compatible for Editor in 1.99 ms, found 1 plugins.
Preloading 0 native plugins for Editor in 0.00 ms.
Initialize engine version: 6000.3.10f1 (e35f0c77bd8e)
[Subsystems] Discovering subsystems at path /Applications/Unity/Hub/Editor/6000.3.10f1/Unity.app/Contents/Resources/UnitySubsystems
[Subsystems] Discovering subsystems at path /Users/chriswilliams/UnityRepo/GridSwatch/GridSwatch/GridSwatch/Assets
GfxDevice: creating device client; kGfxThreadingModeNonThreaded
 preferred device: Apple M1 Max (high power)
Metal devices available: 1
0: Apple M1 Max (high power)
Forcing user selected device: Apple M1 Max (high power)
Initializing Metal device caps: Apple M1 Max
Mac GPU Family: 2
Apple GPU Family: 7
MSL Version: 3.0
Has Float MSAA: 1
Has Float Filtering: 1
ReadWrite Texture Tier: 2
Initialize mono
Mono path[0] = '/Applications/Unity/Hub/Editor/6000.3.10f1/Unity.app/Contents/Resources/Scripting/Managed'
Mono path[1] = '/Applications/Unity/Hub/Editor/6000.3.10f1/Unity.app/Contents/Resources/Scripting/MonoBleedingEdge/lib/mono/unityjit-macos'
Mono config path = '/Applications/Unity/Hub/Editor/6000.3.10f1/Unity.app/Contents/Resources/Scripting/MonoBleedingEdge/etc'
Using monoOptions --debugger-agent=transport=dt_socket,embedding=1,server=y,suspend=n,address=127.0.0.1:56981
Begin MonoManager ReloadAssembly
Registering precompiled unity dll's ...
Register platform support module: /Applications/Unity/Hub/Editor/6000.3.10f1/PlaybackEngines/WebGLSupport/UnityEditor.WebGL.Extensions.dll
Register platform support module: /Applications/Unity/Hub/Editor/6000.3.10f1/Unity.app/Contents/PlaybackEngines/MacStandaloneSupport/UnityEditor.OSXStandalone.Extensions.dll
Register platform support module: /Applications/Unity/Hub/Editor/6000.3.10f1/PlaybackEngines/AndroidPlayer/UnityEditor.Android.Extensions.dll
[Licensing::Client] Successfully resolved entitlement details
Register platform support module: /Applications/Unity/Hub/Editor/6000.3.10f1/PlaybackEngines/iOSSupport/UnityEditor.iOS.Extensions.dll
Registered in 0.001174 seconds.
- Loaded All Assemblies, in  0.258 seconds
[usbmuxd] Start listen thread
[usbmuxd] Listen thread started
[usbmuxd] Send listen message
Native extension for iOS target not found
Native extension for Android target not found
Android Extension - Scanning For ADB Devices 99 ms
Native extension for OSXStandalone target not found
Native extension for WebGL target not found
ScheduleIndexationOnStartup MainProcess:False IndexOnStartup:True
Mono: successfully reloaded assembly
- Finished resetting the current domain, in  0.484 seconds
Domain Reload Profiling: 742ms
	BeginReloadAssembly (57ms)
		ExecutionOrderSort (0ms)
		DisableScriptedObjects (0ms)
		BackupInstance (0ms)
		ReleaseScriptingObjects (0ms)
		CreateAndSetChildDomain (0ms)
	RebuildCommonClasses (27ms)
	RebuildNativeTypeToScriptingClass (11ms)
	initialDomainReloadingComplete (29ms)
	LoadAllAssembliesAndSetupDomain (134ms)
		LoadAssemblies (57ms)
		RebuildTransferFunctionScriptingTraits (0ms)
		AnalyzeDomain (132ms)
			TypeCache.Refresh (131ms)
				TypeCache.ScanAssembly (121ms)
			BuildScriptInfoCaches (0ms)
			ResolveRequiredComponents (0ms)
	FinalizeReload (484ms)
		ReleaseScriptCaches (0ms)
		RebuildScriptCaches (0ms)
		SetupLoadedEditorAssemblies (449ms)
			LogAssemblyErrors (0ms)
			InitializePlatformSupportModulesInManaged (195ms)
			SetLoadedEditorAssemblies (3ms)
			BeforeProcessingInitializeOnLoad (83ms)
			ProcessInitializeOnLoadAttributes (123ms)
			ProcessInitializeOnLoadMethodAttributes (46ms)
			AfterProcessingInitializeOnLoad (0ms)
			EditorAssembliesLoaded (0ms)
		ExecutionOrderSort2 (0ms)
		AwakeInstancesAfterBackupRestoration (0ms)
[CoreBusinessMetrics] Unexpected thread when updating session info.
========================================================================
Worker process is ready to serve import requests
Import Worker Mode flag is 0x00
Begin MonoManager ReloadAssembly
[Licensing::Client] Successfully resolved entitlement details
Symbol file LoadedFromMemory is not a mono symbol file
- Loaded All Assemblies, in  0.530 seconds
Refreshing native plugins compatible for Editor in 1.53 ms, found 1 plugins.
Native extension for iOS target not found
Native extension for Android target not found
Native extension for OSXStandalone target not found
Native extension for WebGL target not found
Refreshing native plugins compatible for Editor in 1.83 ms, found 1 plugins.
Package Manager log level set to [2]
[Package Manager] Failed to launch server process. Reason: Unity was launched with the -noUpm command-line argument
[Package Manager] Unable to send message (not connected to server process).
[Package Manager] Cannot connect to Unity Package Manager local server
ScheduleIndexationOnStartup MainProcess:False IndexOnStartup:True
Mono: successfully reloaded assembly
- Finished resetting the current domain, in  1.044 seconds
Domain Reload Profiling: 1573ms
	BeginReloadAssembly (93ms)
		ExecutionOrderSort (0ms)
		DisableScriptedObjects (4ms)
		BackupInstance (0ms)
		ReleaseScriptingObjects (0ms)
		CreateAndSetChildDomain (20ms)
	RebuildCommonClasses (27ms)
	RebuildNativeTypeToScriptingClass (11ms)
	initialDomainReloadingComplete (25ms)
	LoadAllAssembliesAndSetupDomain (372ms)
		LoadAssemblies (238ms)
		RebuildTransferFunctionScriptingTraits (0ms)
		AnalyzeDomain (176ms)
			TypeCache.Refresh (133ms)
				TypeCache.ScanAssembly (118ms)
			BuildScriptInfoCaches (38ms)
			ResolveRequiredComponents (3ms)
	FinalizeReload (1044ms)
		ReleaseScriptCaches (0ms)
		RebuildScriptCaches (0ms)
		SetupLoadedEditorAssemblies (954ms)
			LogAssemblyErrors (0ms)
			InitializePlatformSupportModulesInManaged (14ms)
			SetLoadedEditorAssemblies (3ms)
			BeforeProcessingInitializeOnLoad (136ms)
			ProcessInitializeOnLoadAttributes (683ms)
			ProcessInitializeOnLoadMethodAttributes (117ms)
			AfterProcessingInitializeOnLoad (1ms)
			EditorAssembliesLoaded (0ms)
		ExecutionOrderSort2 (0ms)
		AwakeInstancesAfterBackupRestoration (2ms)
Launching external process: /Applications/Unity/Hub/Editor/6000.3.10f1/Unity.app/Contents/Helpers/UnityShaderCompiler
Launched and connected shader compiler UnityShaderCompiler after 0.03 seconds
Refreshing native plugins compatible for Editor in 1.62 ms, found 1 plugins.
Preloading 0 native plugins for Editor in 0.00 ms.
Unloading 29 Unused Serialized files (Serialized files now loaded: 0)
Unloading 5465 unused Assets / (4.7 MB). Loaded Objects now: 6112.
Memory consumption went from 115.2 MB to 110.5 MB.
Total: 23.344417 ms (FindLiveObjects: 0.259875 ms CreateObjectMapping: 0.163750 ms MarkObjects: 21.242250 ms  DeleteObjects: 1.678292 ms)

========================================================================
Received Import Request.
  Time since last request: 452098.072613 seconds.
  path: Assets/Resources/Prefabs/Screens/GameScene.prefab
  artifactKey: Guid(1dcd561b24dec4a32b3eb4c45442a0c6) Importer(2089858483,d624ce77472d68a35037170ec1d2d27e)
Start importing Assets/Resources/Prefabs/Screens/GameScene.prefab using Guid(1dcd561b24dec4a32b3eb4c45442a0c6) Importer(2089858483,d624ce77472d68a35037170ec1d2d27e) (ScriptedImporter) -> (artifact id: '116e2f75f85c306eeb81958cc06eea3a') in 0.100748708 seconds
Number of updated asset objects reloaded before import = 0Number of asset objects unloaded after import = 304

========================================================================
Received Prepare
Refreshing native plugins compatible for Editor in 2.58 ms, found 1 plugins.
Preloading 0 native plugins for Editor in 0.00 ms.
Unloading 29 Unused Serialized files (Serialized files now loaded: 0)
Unloading 29 unused Assets / (2.6 MB). Loaded Objects now: 6114.
Memory consumption went from 111.7 MB to 109.0 MB.
Total: 21.281042 ms (FindLiveObjects: 0.165500 ms CreateObjectMapping: 0.074000 ms MarkObjects: 20.797208 ms  DeleteObjects: 0.243792 ms)

Prepare: number of updated asset objects reloaded= 14
========================================================================
Received Prepare
Refreshing native plugins compatible for Editor in 1.44 ms, found 1 plugins.
Preloading 0 native plugins for Editor in 0.00 ms.
Unloading 29 Unused Serialized files (Serialized files now loaded: 0)
Unloading 29 unused Assets / (2.6 MB). Loaded Objects now: 6114.
Memory consumption went from 110.9 MB to 108.2 MB.
Total: 20.548375 ms (FindLiveObjects: 0.142041 ms CreateObjectMapping: 0.064833 ms MarkObjects: 20.103667 ms  DeleteObjects: 0.237500 ms)

Prepare: number of updated asset objects reloaded= 0
========================================================================
Received Prepare
[Licensing::Client] Successfully resolved entitlement details
Begin MonoManager ReloadAssembly
[Licensing::Client] Successfully resolved entitlement details
Thread 0x1783d7000 may have been prematurely finalized
Symbol file LoadedFromMemory is not a mono symbol file
- Loaded All Assemblies, in  0.510 seconds
Refreshing native plugins compatible for Editor in 1.19 ms, found 1 plugins.
Native extension for iOS target not found
Native extension for Android target not found
Native extension for OSXStandalone target not found
Native extension for WebGL target not found
Refreshing native plugins compatible for Editor in 1.41 ms, found 1 plugins.
[Package Manager] Failed to launch server process. Reason: Unity was launched with the -noUpm command-line argument
[Package Manager] Unable to send message (not connected to server process).
[Package Manager] Cannot connect to Unity Package Manager local server
ScheduleIndexationOnStartup MainProcess:False IndexOnStartup:True
Mono: successfully reloaded assembly
- Finished resetting the current domain, in  1.040 seconds
Domain Reload Profiling: 1551ms
	BeginReloadAssembly (119ms)
		ExecutionOrderSort (0ms)
		DisableScriptedObjects (4ms)
		BackupInstance (0ms)
		ReleaseScriptingObjects (0ms)
		CreateAndSetChildDomain (41ms)
	RebuildCommonClasses (26ms)
	RebuildNativeTypeToScriptingClass (11ms)
	initialDomainReloadingComplete (15ms)
	LoadAllAssembliesAndSetupDomain (341ms)
		LoadAssemblies (226ms)
		RebuildTransferFunctionScriptingTraits (0ms)
		AnalyzeDomain (151ms)
			TypeCache.Refresh (69ms)
				TypeCache.ScanAssembly (59ms)
			BuildScriptInfoCaches (77ms)
			ResolveRequiredComponents (3ms)
	FinalizeReload (1040ms)
		ReleaseScriptCaches (0ms)
		RebuildScriptCaches (0ms)
		SetupLoadedEditorAssemblies (944ms)
			LogAssemblyErrors (0ms)
			InitializePlatformSupportModulesInManaged (13ms)
			SetLoadedEditorAssemblies (5ms)
			BeforeProcessingInitializeOnLoad (135ms)
			ProcessInitializeOnLoadAttributes (683ms)
			ProcessInitializeOnLoadMethodAttributes (106ms)
			AfterProcessingInitializeOnLoad (1ms)
			EditorAssembliesLoaded (0ms)
		ExecutionOrderSort2 (0ms)
		AwakeInstancesAfterBackupRestoration (3ms)
Refreshing native plugins compatible for Editor in 1.46 ms, found 1 plugins.
Preloading 0 native plugins for Editor in 0.00 ms.
Unloading 29 Unused Serialized files (Serialized files now loaded: 0)
Unloading 5463 unused Assets / (4.6 MB). Loaded Objects now: 6120.
Memory consumption went from 135.7 MB to 131.1 MB.
Total: 22.652875 ms (FindLiveObjects: 0.261250 ms CreateObjectMapping: 0.152917 ms MarkObjects: 21.055958 ms  DeleteObjects: 1.182375 ms)

Prepare: number of updated asset objects reloaded= 0
========================================================================
Received Import Request.
  Time since last request: 415.700485 seconds.
  path: Assets/Resources/Prefabs/Screens/GameScene.prefab
  artifactKey: Guid(1dcd561b24dec4a32b3eb4c45442a0c6) Importer(815301076,1909f56bfc062723c751e8b465ee728b)
Start importing Assets/Resources/Prefabs/Screens/GameScene.prefab using Guid(1dcd561b24dec4a32b3eb4c45442a0c6) Importer(815301076,1909f56bfc062723c751e8b465ee728b) (PreviewImporter) -> (artifact id: 'd67aaec8719355a83b026feae124d67c') in 0.06661125 seconds
Number of updated asset objects reloaded before import = 0Number of asset objects unloaded after import = 304

========================================================================
Received Import Request.
  Time since last request: 1.897821 seconds.
  path: Assets/Resources/Prefabs/Screens/GameScene.prefab
  artifactKey: Guid(1dcd561b24dec4a32b3eb4c45442a0c6) Importer(815301076,1909f56bfc062723c751e8b465ee728b)
Start importing Assets/Resources/Prefabs/Screens/GameScene.prefab using Guid(1dcd561b24dec4a32b3eb4c45442a0c6) Importer(815301076,1909f56bfc062723c751e8b465ee728b) (PreviewImporter) -> (artifact id: 'dcf14f41a49515fea6eacf6099f96e9e') in 0.030605541 seconds
Number of updated asset objects reloaded before import = 0Number of asset objects unloaded after import = 304

========================================================================
Received Import Request.
  Time since last request: 7.731482 seconds.
  path: Assets/Resources/Prefabs/Screens/GameScene.prefab
  artifactKey: Guid(1dcd561b24dec4a32b3eb4c45442a0c6) Importer(815301076,1909f56bfc062723c751e8b465ee728b)
Start importing Assets/Resources/Prefabs/Screens/GameScene.prefab using Guid(1dcd561b24dec4a32b3eb4c45442a0c6) Importer(815301076,1909f56bfc062723c751e8b465ee728b) (PreviewImporter) -> (artifact id: '4da2df709b9995d78ef18c817af6b6cf') in 0.032632792 seconds
Number of updated asset objects reloaded before import = 0Number of asset objects unloaded after import = 313

========================================================================
Received Import Request.
  Time since last request: 13.573971 seconds.
  path: Assets/Resources/Prefabs/Screens/GameScene.prefab
  artifactKey: Guid(1dcd561b24dec4a32b3eb4c45442a0c6) Importer(815301076,1909f56bfc062723c751e8b465ee728b)
Start importing Assets/Resources/Prefabs/Screens/GameScene.prefab using Guid(1dcd561b24dec4a32b3eb4c45442a0c6) Importer(815301076,1909f56bfc062723c751e8b465ee728b) (PreviewImporter) -> (artifact id: '0782e3a325fd02560cedc67f4775d909') in 0.031797916 seconds
Number of updated asset objects reloaded before import = 0Number of asset objects unloaded after import = 313

========================================================================
Received Import Request.
  Time since last request: 4.926123 seconds.
  path: Assets/Resources/Sprites/_Shapes&Icons/Square.png
  artifactKey: Guid(44c40cbf2768b4cbf97ec21f0010be11) Importer(815301076,1909f56bfc062723c751e8b465ee728b)
Start importing Assets/Resources/Sprites/_Shapes&Icons/Square.png using Guid(44c40cbf2768b4cbf97ec21f0010be11) Importer(815301076,1909f56bfc062723c751e8b465ee728b) (PreviewImporter)[Licensing::Client] Successfully resolved entitlement details
[Licensing::Client] Successfully resolved entitlement details
 -> (artifact id: '300f5347f9fc89ba6a41a384c303a0b2') in 0.050624375 seconds
Number of updated asset objects reloaded before import = 0Number of asset objects unloaded after import = 3

========================================================================
Received Import Request.
  Time since last request: 0.000064 seconds.
  path: Assets/Resources/Sprites/_Shapes&Icons/UI_gradient_half.png
  artifactKey: Guid(672c7bffb4000478c8aef3f5108c5ae7) Importer(815301076,1909f56bfc062723c751e8b465ee728b)
Start importing Assets/Resources/Sprites/_Shapes&Icons/UI_gradient_half.png using Guid(672c7bffb4000478c8aef3f5108c5ae7) Importer(815301076,1909f56bfc062723c751e8b465ee728b) (PreviewImporter) -> (artifact id: '963ec2fe5fa7f480065f4b819f09fd9a') in 0.006285417 seconds
Number of updated asset objects reloaded before import = 0Number of asset objects unloaded after import = 3

========================================================================
Received Import Request.
  Time since last request: 0.000061 seconds.
  path: Assets/Resources/Sprites/_Shapes&Icons/UImouse_base.png
  artifactKey: Guid(f2945daf373da4c689b9e761d200f8a3) Importer(815301076,1909f56bfc062723c751e8b465ee728b)
Start importing Assets/Resources/Sprites/_Shapes&Icons/UImouse_base.png using Guid(f2945daf373da4c689b9e761d200f8a3) Importer(815301076,1909f56bfc062723c751e8b465ee728b) (PreviewImporter) -> (artifact id: '5a3addb3a322208f1e8551eb9e9fdcee') in 0.005230375 seconds
Number of updated asset objects reloaded before import = 0Number of asset objects unloaded after import = 3

========================================================================
Received Import Request.
  Time since last request: 0.000088 seconds.
  path: Assets/Resources/Sprites/_Shapes&Icons/UImouse_left.png
  artifactKey: Guid(204401b9501ed45e1840598a5a428ab8) Importer(815301076,1909f56bfc062723c751e8b465ee728b)
Start importing Assets/Resources/Sprites/_Shapes&Icons/UImouse_left.png using Guid(204401b9501ed45e1840598a5a428ab8) Importer(815301076,1909f56bfc062723c751e8b465ee728b) (PreviewImporter) -> (artifact id: 'b7a2d77596b9f6d8cbe64bed0144c95d') in 0.004519375 seconds
Number of updated asset objects reloaded before import = 0Number of asset objects unloaded after import = 3

========================================================================
Received Import Request.
  Time since last request: 0.000064 seconds.
  path: Assets/Resources/Sprites/Tile1.png
  artifactKey: Guid(85c98709f2a0a4d799f6fce842d7006b) Importer(815301076,1909f56bfc062723c751e8b465ee728b)
Start importing Assets/Resources/Sprites/Tile1.png using Guid(85c98709f2a0a4d799f6fce842d7006b) Importer(815301076,1909f56bfc062723c751e8b465ee728b) (PreviewImporter) -> (artifact id: 'f9708545d7dcc53cf07e0f523763a2fd') in 0.004479958 seconds
Number of updated asset objects reloaded before import = 0Number of asset objects unloaded after import = 3

========================================================================
Received Import Request.
  Time since last request: 0.000099 seconds.
  path: Assets/Resources/_Shapes&Icons/Triangle.png
  artifactKey: Guid(7d1cd02c9ec91451293cf4005e2e3338) Importer(815301076,1909f56bfc062723c751e8b465ee728b)
Start importing Assets/Resources/_Shapes&Icons/Triangle.png using Guid(7d1cd02c9ec91451293cf4005e2e3338) Importer(815301076,1909f56bfc062723c751e8b465ee728b) (PreviewImporter) -> (artifact id: '82aaf5b7d88dab98e750aada45cb516b') in 0.004221 seconds
Number of updated asset objects reloaded before import = 0Number of asset objects unloaded after import = 3

========================================================================
Received Import Request.
  Time since last request: 0.000081 seconds.
  path: Assets/Resources/_Shapes&Icons/UI_build_OK.png
  artifactKey: Guid(4e0c0ef0304c449f49de0d3289ebdfdf) Importer(815301076,1909f56bfc062723c751e8b465ee728b)
Start importing Assets/Resources/_Shapes&Icons/UI_build_OK.png using Guid(4e0c0ef0304c449f49de0d3289ebdfdf) Importer(815301076,1909f56bfc062723c751e8b465ee728b) (PreviewImporter) -> (artifact id: '1090d9b31260a31521f20062565b5bcc') in 0.004628125 seconds
Number of updated asset objects reloaded before import = 0Number of asset objects unloaded after import = 3

========================================================================
Received Import Request.
  Time since last request: 0.000089 seconds.
  path: Assets/Resources/Sprites/_Shapes&Icons/Stop.png
  artifactKey: Guid(8a67fac2d706f4f2ba18eeceae21bc89) Importer(815301076,1909f56bfc062723c751e8b465ee728b)
Start importing Assets/Resources/Sprites/_Shapes&Icons/Stop.png using Guid(8a67fac2d706f4f2ba18eeceae21bc89) Importer(815301076,1909f56bfc062723c751e8b465ee728b) (PreviewImporter) -> (artifact id: '7748c43d68539b480f1c3ac432801f9b') in 0.005410791 seconds
Number of updated asset objects reloaded before import = 0Number of asset objects unloaded after import = 3

========================================================================
Received Import Request.
  Time since last request: 0.000095 seconds.
  path: Assets/Resources/Sprites/_Shapes&Icons/UI_Cursor.png
  artifactKey: Guid(20346294406e64f549fc370c50dee1a5) Importer(815301076,1909f56bfc062723c751e8b465ee728b)
Start importing Assets/Resources/Sprites/_Shapes&Icons/UI_Cursor.png using Guid(20346294406e64f549fc370c50dee1a5) Importer(815301076,1909f56bfc062723c751e8b465ee728b) (PreviewImporter) -> (artifact id: 'd5037ab7e21f4a8b61b4724863020643') in 0.004283625 seconds
Number of updated asset objects reloaded before import = 0Number of asset objects unloaded after import = 3

========================================================================
Received Import Request.
  Time since last request: 0.000099 seconds.
  path: Assets/Resources/Sprites/_Shapes&Icons/UI_gradient.png
  artifactKey: Guid(4009530252cf242189c98c36fca06d4b) Importer(815301076,1909f56bfc062723c751e8b465ee728b)
Start importing Assets/Resources/Sprites/_Shapes&Icons/UI_gradient.png using Guid(4009530252cf242189c98c36fca06d4b) Importer(815301076,1909f56bfc062723c751e8b465ee728b) (PreviewImporter) -> (artifact id: '8ec2078d786300af5b5136fc160ac8c6') in 0.006012333 seconds
Number of updated asset objects reloaded before import = 0Number of asset objects unloaded after import = 3

========================================================================
Received Import Request.
  Time since last request: 0.000092 seconds.
  path: Assets/Resources/_Shapes&Icons/UImouse_base.png
  artifactKey: Guid(ae4e030b826254ee7808dcfb43b82531) Importer(815301076,1909f56bfc062723c751e8b465ee728b)
Start importing Assets/Resources/_Shapes&Icons/UImouse_base.png using Guid(ae4e030b826254ee7808dcfb43b82531) Importer(815301076,1909f56bfc062723c751e8b465ee728b) (PreviewImporter) -> (artifact id: '81e2ba56f7c5cdcaa74d23b34aee7bbe') in 0.004302375 seconds
Number of updated asset objects reloaded before import = 0Number of asset objects unloaded after import = 3

========================================================================
Received Import Request.
  Time since last request: 0.000070 seconds.
  path: Assets/Resources/Sprites/_Shapes&Icons/Triangle.png
  artifactKey: Guid(8b7946f0e5cbf420b9163bae846ede52) Importer(815301076,1909f56bfc062723c751e8b465ee728b)
Start importing Assets/Resources/Sprites/_Shapes&Icons/Triangle.png using Guid(8b7946f0e5cbf420b9163bae846ede52) Importer(815301076,1909f56bfc062723c751e8b465ee728b) (PreviewImporter) -> (artifact id: 'b7da0f2729c4d9850be532ca1e192be1') in 0.004501625 seconds
Number of updated asset objects reloaded before import = 0Number of asset objects unloaded after import = 3

========================================================================
Received Import Request.
  Time since last request: 0.000069 seconds.
  path: Assets/Resources/Sprites/_Shapes&Icons/Star_SixFill.png
  artifactKey: Guid(480a2e8083cb3497192fd19f49d83300) Importer(815301076,1909f56bfc062723c751e8b465ee728b)
Start importing Assets/Resources/Sprites/_Shapes&Icons/Star_SixFill.png using Guid(480a2e8083cb3497192fd19f49d83300) Importer(815301076,1909f56bfc062723c751e8b465ee728b) (PreviewImporter) -> (artifact id: 'd74454fd97db97d3e8013b1402cab5b2') in 0.004162458 seconds
Number of updated asset objects reloaded before import = 0Number of asset objects unloaded after import = 3

========================================================================
Received Import Request.
  Time since last request: 1.738662 seconds.
  path: Assets/Resources/_Shapes&Icons/rounded-square.png
  artifactKey: Guid(0a14ecc1cbcf34e00bb70a66555856de) Importer(815301076,1909f56bfc062723c751e8b465ee728b)
Start importing Assets/Resources/_Shapes&Icons/rounded-square.png using Guid(0a14ecc1cbcf34e00bb70a66555856de) Importer(815301076,1909f56bfc062723c751e8b465ee728b) (PreviewImporter) -> (artifact id: 'd3acec98baa8d888e6bf9fe5ba0d7cf5') in 0.006513375 seconds
Number of updated asset objects reloaded before import = 0Number of asset objects unloaded after import = 3

========================================================================
Received Import Request.
  Time since last request: 0.000109 seconds.
  path: Assets/Resources/Sprites/_Shapes&Icons/RoundSquare-fill.png
  artifactKey: Guid(72ae0341ebe9f437080bb5f94bbe02a8) Importer(815301076,1909f56bfc062723c751e8b465ee728b)
Start importing Assets/Resources/Sprites/_Shapes&Icons/RoundSquare-fill.png using Guid(72ae0341ebe9f437080bb5f94bbe02a8) Importer(815301076,1909f56bfc062723c751e8b465ee728b) (PreviewImporter) -> (artifact id: '6ab53d92b4de3516c3012dbee09af38b') in 0.005564667 seconds
Number of updated asset objects reloaded before import = 0Number of asset objects unloaded after import = 3

========================================================================
Received Import Request.
  Time since last request: 0.000165 seconds.
  path: Assets/Resources/Sprites/_Shapes&Icons/RoundedRectFill.png
  artifactKey: Guid(30625f49c35da48f0a61fa4bef6a4849) Importer(815301076,1909f56bfc062723c751e8b465ee728b)
Start importing Assets/Resources/Sprites/_Shapes&Icons/RoundedRectFill.png using Guid(30625f49c35da48f0a61fa4bef6a4849) Importer(815301076,1909f56bfc062723c751e8b465ee728b) (PreviewImporter) -> (artifact id: 'e5464833f0264feccd2124019fc83891') in 0.004568375 seconds
Number of updated asset objects reloaded before import = 0Number of asset objects unloaded after import = 3

========================================================================
Received Import Request.
  Time since last request: 0.000110 seconds.
  path: Assets/Resources/Sprites/_Shapes&Icons/RoundSquare.png
  artifactKey: Guid(40ad4f2fe9a224726b75ded2d05dce40) Importer(815301076,1909f56bfc062723c751e8b465ee728b)
Start importing Assets/Resources/Sprites/_Shapes&Icons/RoundSquare.png using Guid(40ad4f2fe9a224726b75ded2d05dce40) Importer(815301076,1909f56bfc062723c751e8b465ee728b) (PreviewImporter) -> (artifact id: 'dfb235d474cee90a25afb9e0ba6994ca') in 0.005657083 seconds
Number of updated asset objects reloaded before import = 0Number of asset objects unloaded after import = 3

========================================================================
Received Import Request.
  Time since last request: 1.191374 seconds.
  path: Assets/Resources/Sprites/_Shapes&Icons/PentagonFill.png
  artifactKey: Guid(d1c606cb3bfbd454b9f60d1e48687c60) Importer(815301076,1909f56bfc062723c751e8b465ee728b)
Start importing Assets/Resources/Sprites/_Shapes&Icons/PentagonFill.png using Guid(d1c606cb3bfbd454b9f60d1e48687c60) Importer(815301076,1909f56bfc062723c751e8b465ee728b) (PreviewImporter) -> (artifact id: '782c7c1d56f15885d7bcf222149bd1a6') in 0.00601275 seconds
Number of updated asset objects reloaded before import = 0Number of asset objects unloaded after import = 3

========================================================================
Received Import Request.
  Time since last request: 0.000053 seconds.
  path: Assets/Resources/Sprites/_Shapes&Icons/PersonFill.png
  artifactKey: Guid(6874e8f113ee3491bb42767f37da9ef2) Importer(815301076,1909f56bfc062723c751e8b465ee728b)
Start importing Assets/Resources/Sprites/_Shapes&Icons/PersonFill.png using Guid(6874e8f113ee3491bb42767f37da9ef2) Importer(815301076,1909f56bfc062723c751e8b465ee728b) (PreviewImporter) -> (artifact id: '4444fd05f520d5b50fef0b897f362339') in 0.00476825 seconds
Number of updated asset objects reloaded before import = 0Number of asset objects unloaded after import = 3

========================================================================
Received Import Request.
  Time since last request: 0.000064 seconds.
  path: Assets/Resources/Sprites/Play Button.png
  artifactKey: Guid(232bcf02e2d7c4f0ab0e97dcc270a7f7) Importer(815301076,1909f56bfc062723c751e8b465ee728b)
Start importing Assets/Resources/Sprites/Play Button.png using Guid(232bcf02e2d7c4f0ab0e97dcc270a7f7) Importer(815301076,1909f56bfc062723c751e8b465ee728b) (PreviewImporter) -> (artifact id: '482d7ddffb0f9b6caa2e30fa39c08f06') in 0.00507075 seconds
Number of updated asset objects reloaded before import = 0Number of asset objects unloaded after import = 3

========================================================================
Received Import Request.
  Time since last request: 0.000071 seconds.
  path: Assets/Resources/Sprites/_Shapes&Icons/RectangleFill.png
  artifactKey: Guid(0aa5ee75897414841a8b2634450c4456) Importer(815301076,1909f56bfc062723c751e8b465ee728b)
Start importing Assets/Resources/Sprites/_Shapes&Icons/RectangleFill.png using Guid(0aa5ee75897414841a8b2634450c4456) Importer(815301076,1909f56bfc062723c751e8b465ee728b) (PreviewImporter) -> (artifact id: '4d3fb125a08da85ee66b5c3c73d0f218') in 0.004452417 seconds
Number of updated asset objects reloaded before import = 0Number of asset objects unloaded after import = 3

========================================================================
Received Import Request.
  Time since last request: 0.584054 seconds.
  path: Assets/Resources/Sprites/_Shapes&Icons/nightmode_off.png
  artifactKey: Guid(ae9e577bf000446bfbf68c98ca939ba6) Importer(815301076,1909f56bfc062723c751e8b465ee728b)
Start importing Assets/Resources/Sprites/_Shapes&Icons/nightmode_off.png using Guid(ae9e577bf000446bfbf68c98ca939ba6) Importer(815301076,1909f56bfc062723c751e8b465ee728b) (PreviewImporter) -> (artifact id: 'fb10fd01b85994d2608e3684b8698ccc') in 0.004972667 seconds
Number of updated asset objects reloaded before import = 0Number of asset objects unloaded after import = 3

========================================================================
Received Import Request.
  Time since last request: 0.000116 seconds.
  path: Assets/Resources/Sprites/paint-tin.png
  artifactKey: Guid(b06132bae3cef40749e3e665496ef8d8) Importer(815301076,1909f56bfc062723c751e8b465ee728b)
Start importing Assets/Resources/Sprites/paint-tin.png using Guid(b06132bae3cef40749e3e665496ef8d8) Importer(815301076,1909f56bfc062723c751e8b465ee728b) (PreviewImporter) -> (artifact id: '0bd4519a3434f9ca86d10b6d11c1aa1f') in 0.005669792 seconds
Number of updated asset objects reloaded before import = 0Number of asset objects unloaded after import = 3

========================================================================
Received Import Request.
  Time since last request: 0.000099 seconds.
  path: Assets/Resources/Sprites/_Shapes&Icons/Pause.png
  artifactKey: Guid(bf66253f5a7524c6187e66e60f5fd4aa) Importer(815301076,1909f56bfc062723c751e8b465ee728b)
Start importing Assets/Resources/Sprites/_Shapes&Icons/Pause.png using Guid(bf66253f5a7524c6187e66e60f5fd4aa) Importer(815301076,1909f56bfc062723c751e8b465ee728b) (PreviewImporter) -> (artifact id: '68c4e130f59012892524b293f8f45b49') in 0.004536375 seconds
Number of updated asset objects reloaded before import = 0Number of asset objects unloaded after import = 3

========================================================================
Received Import Request.
  Time since last request: 0.000083 seconds.
  path: Assets/Resources/Sprites/paint-brush.png
  artifactKey: Guid(2d38717646638468a8c216621c5418f8) Importer(815301076,1909f56bfc062723c751e8b465ee728b)
Start importing Assets/Resources/Sprites/paint-brush.png using Guid(2d38717646638468a8c216621c5418f8) Importer(815301076,1909f56bfc062723c751e8b465ee728b) (PreviewImporter) -> (artifact id: 'f3cb2fa33c7973172671dedcaa32df1d') in 0.006404583 seconds
Number of updated asset objects reloaded before import = 0Number of asset objects unloaded after import = 3

========================================================================
Received Import Request.
  Time since last request: 0.352331 seconds.
  path: Assets/Resources/Sprites/_Shapes&Icons/InfoIcon.png
  artifactKey: Guid(067cba31f557d4f709ad25fc9779820c) Importer(815301076,1909f56bfc062723c751e8b465ee728b)
Start importing Assets/Resources/Sprites/_Shapes&Icons/InfoIcon.png using Guid(067cba31f557d4f709ad25fc9779820c) Importer(815301076,1909f56bfc062723c751e8b465ee728b) (PreviewImporter) -> (artifact id: 'ca47978bccf85c3e360a4f79205f1368') in 0.007936792 seconds
Number of updated asset objects reloaded before import = 0Number of asset objects unloaded after import = 3

========================================================================
Received Import Request.
  Time since last request: 0.013581 seconds.
  path: Assets/Resources/_Shapes&Icons/InfoIcon.png
  artifactKey: Guid(01e7cae9b95924cfdb2e3efa694c7fdf) Importer(815301076,1909f56bfc062723c751e8b465ee728b)
Start importing Assets/Resources/_Shapes&Icons/InfoIcon.png using Guid(01e7cae9b95924cfdb2e3efa694c7fdf) Importer(815301076,1909f56bfc062723c751e8b465ee728b) (PreviewImporter) -> (artifact id: '1e936968c632a53202609f99b0309f8f') in 0.005799167 seconds
Number of updated asset objects reloaded before import = 0Number of asset objects unloaded after import = 3

========================================================================
Received Import Request.
  Time since last request: 0.000047 seconds.
  path: Assets/Resources/Sprites/_Shapes&Icons/LongLine.png
  artifactKey: Guid(9e009b3112cda4c21b1c8487a836cb24) Importer(815301076,1909f56bfc062723c751e8b465ee728b)
Start importing Assets/Resources/Sprites/_Shapes&Icons/LongLine.png using Guid(9e009b3112cda4c21b1c8487a836cb24) Importer(815301076,1909f56bfc062723c751e8b465ee728b) (PreviewImporter) -> (artifact id: 'dc26b170210143b28d1a28aa47ab18db') in 0.003875125 seconds
Number of updated asset objects reloaded before import = 0Number of asset objects unloaded after import = 3

========================================================================
Received Import Request.
  Time since last request: 0.000088 seconds.
  path: Assets/Resources/Sprites/Menu Button.png
  artifactKey: Guid(accde5af649a44106ae86fe96a95344f) Importer(815301076,1909f56bfc062723c751e8b465ee728b)
Start importing Assets/Resources/Sprites/Menu Button.png using Guid(accde5af649a44106ae86fe96a95344f) Importer(815301076,1909f56bfc062723c751e8b465ee728b) (PreviewImporter) -> (artifact id: 'c861fb24f4b8b6dea71e9afe5c0a8028') in 0.005409958 seconds
Number of updated asset objects reloaded before import = 0Number of asset objects unloaded after import = 3

========================================================================
Received Import Request.
  Time since last request: 0.000089 seconds.
  path: Assets/Resources/_Shapes&Icons/LongLine.png
  artifactKey: Guid(a3f5a888d29634ac681ce3e0c117403a) Importer(815301076,1909f56bfc062723c751e8b465ee728b)
Start importing Assets/Resources/_Shapes&Icons/LongLine.png using Guid(a3f5a888d29634ac681ce3e0c117403a) Importer(815301076,1909f56bfc062723c751e8b465ee728b) (PreviewImporter) -> (artifact id: 'a560ce2eb734436ee69ebb5727c4df5e') in 0.00383125 seconds
Number of updated asset objects reloaded before import = 0Number of asset objects unloaded after import = 3

========================================================================
Received Import Request.
  Time since last request: 0.054995 seconds.
  path: Assets/Resources/Sprites/_Shapes&Icons/icon-phone.png
  artifactKey: Guid(2b66f3d83f0344bce90da09cb1695a5c) Importer(815301076,1909f56bfc062723c751e8b465ee728b)
Start importing Assets/Resources/Sprites/_Shapes&Icons/icon-phone.png using Guid(2b66f3d83f0344bce90da09cb1695a5c) Importer(815301076,1909f56bfc062723c751e8b465ee728b) (PreviewImporter) -> (artifact id: '34c75ae24aa903959c040bb444113105') in 0.006433833 seconds
Number of updated asset objects reloaded before import = 0Number of asset objects unloaded after import = 3

========================================================================
Received Import Request.
  Time since last request: 0.000148 seconds.
  path: Assets/Resources/Sprites/Map Icons/icon-thick-circle-small.png
  artifactKey: Guid(4a87562593b4a4a18a5695735ee7fee8) Importer(815301076,1909f56bfc062723c751e8b465ee728b)
Start importing Assets/Resources/Sprites/Map Icons/icon-thick-circle-small.png using Guid(4a87562593b4a4a18a5695735ee7fee8) Importer(815301076,1909f56bfc062723c751e8b465ee728b) (PreviewImporter) -> (artifact id: '90c8b0d0ba2eef8e70bde533fd9471d2') in 0.005269916 seconds
Number of updated asset objects reloaded before import = 0Number of asset objects unloaded after import = 3

========================================================================
Received Import Request.
  Time since last request: 0.000069 seconds.
  path: Assets/Resources/_Shapes&Icons/icon_menu.png
  artifactKey: Guid(7c1b5811ded454aa09f942cbbf8af7a7) Importer(815301076,1909f56bfc062723c751e8b465ee728b)
Start importing Assets/Resources/_Shapes&Icons/icon_menu.png using Guid(7c1b5811ded454aa09f942cbbf8af7a7) Importer(815301076,1909f56bfc062723c751e8b465ee728b) (PreviewImporter) -> (artifact id: '09c6745407b92d82d454829e4207e20c') in 0.004918375 seconds
Number of updated asset objects reloaded before import = 0Number of asset objects unloaded after import = 3

========================================================================
Received Import Request.
  Time since last request: 0.000060 seconds.
  path: Assets/Resources/_Shapes&Icons/icon-shuffle.png
  artifactKey: Guid(12b1ffac1ce784a72a13c9ddeb1ea24e) Importer(815301076,1909f56bfc062723c751e8b465ee728b)
Start importing Assets/Resources/_Shapes&Icons/icon-shuffle.png using Guid(12b1ffac1ce784a72a13c9ddeb1ea24e) Importer(815301076,1909f56bfc062723c751e8b465ee728b) (PreviewImporter) -> (artifact id: '02fd743d62492e643a8770baed2f1200') in 0.005888084 seconds
Number of updated asset objects reloaded before import = 0Number of asset objects unloaded after import = 3

========================================================================
Received Import Request.
  Time since last request: 0.059472 seconds.
  path: Assets/Resources/Sprites/Map Icons/icon-bidirectional-end.png
  artifactKey: Guid(f3dea0fde4b2e4d5d94d20f93cfec586) Importer(815301076,1909f56bfc062723c751e8b465ee728b)
Start importing Assets/Resources/Sprites/Map Icons/icon-bidirectional-end.png using Guid(f3dea0fde4b2e4d5d94d20f93cfec586) Importer(815301076,1909f56bfc062723c751e8b465ee728b) (PreviewImporter) -> (artifact id: '863a6ee9274c59221afa63343a6bc67c') in 0.006582125 seconds
Number of updated asset objects reloaded before import = 0Number of asset objects unloaded after import = 3

========================================================================
Received Import Request.
  Time since last request: 0.000105 seconds.
  path: Assets/Resources/Sprites/Map Icons/icon-invert.png
  artifactKey: Guid(b6dc0fefa9c8b40479b1cf764c729933) Importer(815301076,1909f56bfc062723c751e8b465ee728b)
Start importing Assets/Resources/Sprites/Map Icons/icon-invert.png using Guid(b6dc0fefa9c8b40479b1cf764c729933) Importer(815301076,1909f56bfc062723c751e8b465ee728b) (PreviewImporter) -> (artifact id: '9cee752c822fecf095fc0b3bd2dff00a') in 0.004853042 seconds
Number of updated asset objects reloaded before import = 0Number of asset objects unloaded after import = 3

========================================================================
Received Import Request.
  Time since last request: 0.000074 seconds.
  path: Assets/Resources/_Shapes&Icons/icon-phone.png
  artifactKey: Guid(eee4286e7103d4317b6574ab6b511d5b) Importer(815301076,1909f56bfc062723c751e8b465ee728b)
Start importing Assets/Resources/_Shapes&Icons/icon-phone.png using Guid(eee4286e7103d4317b6574ab6b511d5b) Importer(815301076,1909f56bfc062723c751e8b465ee728b) (PreviewImporter) -> (artifact id: 'ae03328936cdd37532b2696386795e58') in 0.004878959 seconds
Number of updated asset objects reloaded before import = 0Number of asset objects unloaded after import = 3

========================================================================
Received Import Request.
  Time since last request: 0.000059 seconds.
  path: Assets/Resources/Sprites/Map Icons/icon-not-gate.png
  artifactKey: Guid(8f658e04422014f2ca24886fe1c0c1e8) Importer(815301076,1909f56bfc062723c751e8b465ee728b)
Start importing Assets/Resources/Sprites/Map Icons/icon-not-gate.png using Guid(8f658e04422014f2ca24886fe1c0c1e8) Importer(815301076,1909f56bfc062723c751e8b465ee728b) (PreviewImporter) -> (artifact id: '23ba38d271dfa9e400cf4f51d4453be2') in 0.005870166 seconds
Number of updated asset objects reloaded before import = 0Number of asset objects unloaded after import = 3

========================================================================
Received Import Request.
  Time since last request: 0.126176 seconds.
  path: Assets/Resources/Sprites/_Shapes&Icons/handcursor.png
  artifactKey: Guid(85ee0c4f869004b6985815766e66130e) Importer(815301076,1909f56bfc062723c751e8b465ee728b)
Start importing Assets/Resources/Sprites/_Shapes&Icons/handcursor.png using Guid(85ee0c4f869004b6985815766e66130e) Importer(815301076,1909f56bfc062723c751e8b465ee728b) (PreviewImporter) -> (artifact id: 'f1fe78587538cec296c41fcc90292fa6') in 0.005916292 seconds
Number of updated asset objects reloaded before import = 0Number of asset objects unloaded after import = 3

========================================================================
Received Import Request.
  Time since last request: 0.000110 seconds.
  path: Assets/Resources/Sprites/_Shapes&Icons/HexagonFill.png
  artifactKey: Guid(c827b23bbd13a4bc49bd4b813294fb0a) Importer(815301076,1909f56bfc062723c751e8b465ee728b)
Start importing Assets/Resources/Sprites/_Shapes&Icons/HexagonFill.png using Guid(c827b23bbd13a4bc49bd4b813294fb0a) Importer(815301076,1909f56bfc062723c751e8b465ee728b) (PreviewImporter) -> (artifact id: '16cffbf957f8a14bb55eab311a51bf02') in 0.00467575 seconds
Number of updated asset objects reloaded before import = 0Number of asset objects unloaded after import = 3

========================================================================
Received Import Request.
  Time since last request: 0.000132 seconds.
  path: Assets/Resources/StoreIcons/hold_a_dollar.png
  artifactKey: Guid(d619349502cd641e9aab2e1470d13327) Importer(815301076,1909f56bfc062723c751e8b465ee728b)
Start importing Assets/Resources/StoreIcons/hold_a_dollar.png using Guid(d619349502cd641e9aab2e1470d13327) Importer(815301076,1909f56bfc062723c751e8b465ee728b) (PreviewImporter) -> (artifact id: '8851e8ba0031222ffcea617fb9f98e0d') in 0.005379542 seconds
Number of updated asset objects reloaded before import = 0Number of asset objects unloaded after import = 3

========================================================================
Received Import Request.
  Time since last request: 0.000067 seconds.
  path: Assets/DOTween/Editor/Imgs/Header.jpg
  artifactKey: Guid(d4ef3de7ba2644a259248b80966c2217) Importer(815301076,1909f56bfc062723c751e8b465ee728b)
Start importing Assets/DOTween/Editor/Imgs/Header.jpg using Guid(d4ef3de7ba2644a259248b80966c2217) Importer(815301076,1909f56bfc062723c751e8b465ee728b) (PreviewImporter) -> (artifact id: 'f12a288f339f951dc4371f387886a145') in 0.005066833 seconds
Number of updated asset objects reloaded before import = 0Number of asset objects unloaded after import = 3

========================================================================
Received Import Request.
  Time since last request: 0.081695 seconds.
  path: Assets/DOTween/Editor/Imgs/DOTweenMiniIcon.png
  artifactKey: Guid(e365565e362754883a93f1a2acc8a19d) Importer(815301076,1909f56bfc062723c751e8b465ee728b)
Start importing Assets/DOTween/Editor/Imgs/DOTweenMiniIcon.png using Guid(e365565e362754883a93f1a2acc8a19d) Importer(815301076,1909f56bfc062723c751e8b465ee728b) (PreviewImporter) -> (artifact id: '7ad5e68dfa3f61b91a610c5a79f5fe2b') in 0.005009875 seconds
Number of updated asset objects reloaded before import = 0Number of asset objects unloaded after import = 3

========================================================================
Received Import Request.
  Time since last request: 0.000087 seconds.
  path: Assets/DOTween/Editor/Imgs/Footer.png
  artifactKey: Guid(008a6600a042a453585649368331b467) Importer(815301076,1909f56bfc062723c751e8b465ee728b)
Start importing Assets/DOTween/Editor/Imgs/Footer.png using Guid(008a6600a042a453585649368331b467) Importer(815301076,1909f56bfc062723c751e8b465ee728b) (PreviewImporter) -> (artifact id: '5a6c79ff3a61fc0632d3aa432de8517b') in 0.00410675 seconds
Number of updated asset objects reloaded before import = 0Number of asset objects unloaded after import = 3

========================================================================
Received Import Request.
  Time since last request: 0.000128 seconds.
  path: Assets/Resources/Sprites/_Shapes&Icons/fades_vert.png
  artifactKey: Guid(774bbf5bc576a408f9c41e4dbd65e1df) Importer(815301076,1909f56bfc062723c751e8b465ee728b)
Start importing Assets/Resources/Sprites/_Shapes&Icons/fades_vert.png using Guid(774bbf5bc576a408f9c41e4dbd65e1df) Importer(815301076,1909f56bfc062723c751e8b465ee728b) (PreviewImporter) -> (artifact id: 'ee1caf1f2ea023bc6e5bb8d7aa424939') in 0.004277084 seconds
Number of updated asset objects reloaded before import = 0Number of asset objects unloaded after import = 3

========================================================================
Received Import Request.
  Time since last request: 0.000109 seconds.
  path: Assets/Resources/Sprites/Eraser_Blank.png
  artifactKey: Guid(aad427129a1aa497abfb3aefd7d2a33f) Importer(815301076,1909f56bfc062723c751e8b465ee728b)
Start importing Assets/Resources/Sprites/Eraser_Blank.png using Guid(aad427129a1aa497abfb3aefd7d2a33f) Importer(815301076,1909f56bfc062723c751e8b465ee728b) (PreviewImporter) -> (artifact id: 'ea309d61c091eb9c8beb698f1e5da8aa') in 0.006037083 seconds
Number of updated asset objects reloaded before import = 0Number of asset objects unloaded after import = 3

========================================================================
Received Import Request.
  Time since last request: 0.067386 seconds.
  path: Assets/Resources/Sprites/_Shapes&Icons/daymode_off.png
  artifactKey: Guid(83a4b98de95a444339b66a2e66125665) Importer(815301076,1909f56bfc062723c751e8b465ee728b)
Start importing Assets/Resources/Sprites/_Shapes&Icons/daymode_off.png using Guid(83a4b98de95a444339b66a2e66125665) Importer(815301076,1909f56bfc062723c751e8b465ee728b) (PreviewImporter) -> (artifact id: 'feef9b9c6396ed41d9f30f36be835a05') in 0.005760417 seconds
Number of updated asset objects reloaded before import = 0Number of asset objects unloaded after import = 3

========================================================================
Received Import Request.
  Time since last request: 0.000138 seconds.
  path: Assets/DOTween/Editor/Imgs/DOTweenIcon.png
  artifactKey: Guid(5cd33db24b8b44426bb92bd479ae3b7b) Importer(815301076,1909f56bfc062723c751e8b465ee728b)
Start importing Assets/DOTween/Editor/Imgs/DOTweenIcon.png using Guid(5cd33db24b8b44426bb92bd479ae3b7b) Importer(815301076,1909f56bfc062723c751e8b465ee728b) (PreviewImporter) -> (artifact id: 'e313124ec053d09fd89e9fa1901ed3dc') in 0.003805167 seconds
Number of updated asset objects reloaded before import = 0Number of asset objects unloaded after import = 3

========================================================================
Received Import Request.
  Time since last request: 0.000109 seconds.
  path: Assets/Resources/_Shapes&Icons/demo_app_icon.png
  artifactKey: Guid(01ab18157c2084f709ecb773505673f6) Importer(815301076,1909f56bfc062723c751e8b465ee728b)
Start importing Assets/Resources/_Shapes&Icons/demo_app_icon.png using Guid(01ab18157c2084f709ecb773505673f6) Importer(815301076,1909f56bfc062723c751e8b465ee728b) (PreviewImporter) -> (artifact id: '364083cf37529c9be06526acd6698869') in 0.004993083 seconds
Number of updated asset objects reloaded before import = 0Number of asset objects unloaded after import = 3

========================================================================
Received Import Request.
  Time since last request: 0.000135 seconds.
  path: Assets/Resources/Sprites/_Shapes&Icons/Diamond.png
  artifactKey: Guid(86d63943b5b5e43c0a509d8721915ac0) Importer(815301076,1909f56bfc062723c751e8b465ee728b)
Start importing Assets/Resources/Sprites/_Shapes&Icons/Diamond.png using Guid(86d63943b5b5e43c0a509d8721915ac0) Importer(815301076,1909f56bfc062723c751e8b465ee728b) (PreviewImporter) -> (artifact id: '40837d714fbec245b5f9373700f7e1a3') in 0.004230792 seconds
Number of updated asset objects reloaded before import = 0Number of asset objects unloaded after import = 3

========================================================================
Received Import Request.
  Time since last request: 0.112652 seconds.
  path: Assets/Resources/Sprites/ColorblindPatterns/colorblind-pattern-a.png
  artifactKey: Guid(e6b02f1143410432885db3c5821b4eb9) Importer(815301076,1909f56bfc062723c751e8b465ee728b)
Start importing Assets/Resources/Sprites/ColorblindPatterns/colorblind-pattern-a.png using Guid(e6b02f1143410432885db3c5821b4eb9) Importer(815301076,1909f56bfc062723c751e8b465ee728b) (PreviewImporter) -> (artifact id: '7fdbe918d7278cdbe63a16b0c70b2da3') in 0.007386958 seconds
Number of updated asset objects reloaded before import = 0Number of asset objects unloaded after import = 3

========================================================================
Received Import Request.
  Time since last request: 0.000110 seconds.
  path: Assets/Resources/Sprites/ColorblindPatterns/colorblind-pattern-d.png
  artifactKey: Guid(c4b49b59ba3e944a08c6c16049ff9256) Importer(815301076,1909f56bfc062723c751e8b465ee728b)
Start importing Assets/Resources/Sprites/ColorblindPatterns/colorblind-pattern-d.png using Guid(c4b49b59ba3e944a08c6c16049ff9256) Importer(815301076,1909f56bfc062723c751e8b465ee728b) (PreviewImporter) -> (artifact id: '18d7d0c0bcf18cf606ef1c905c5a5f4b') in 0.005841292 seconds
Number of updated asset objects reloaded before import = 0Number of asset objects unloaded after import = 3

========================================================================
Received Import Request.
  Time since last request: 0.000067 seconds.
  path: Assets/Resources/Sprites/ColorblindPatterns/colorblind-pattern-e.png
  artifactKey: Guid(a32a76c9fe2b14deda646004471267f6) Importer(815301076,1909f56bfc062723c751e8b465ee728b)
Start importing Assets/Resources/Sprites/ColorblindPatterns/colorblind-pattern-e.png using Guid(a32a76c9fe2b14deda646004471267f6) Importer(815301076,1909f56bfc062723c751e8b465ee728b) (PreviewImporter) -> (artifact id: '3a552dd9ed3f3278b698d0f89528eace') in 0.005796292 seconds
Number of updated asset objects reloaded before import = 0Number of asset objects unloaded after import = 3

========================================================================
Received Import Request.
  Time since last request: 0.000063 seconds.
  path: Assets/Resources/_Shapes&Icons/Cross.png
  artifactKey: Guid(0e2881bf0ae114645a18dfeda006746b) Importer(815301076,1909f56bfc062723c751e8b465ee728b)
Start importing Assets/Resources/_Shapes&Icons/Cross.png using Guid(0e2881bf0ae114645a18dfeda006746b) Importer(815301076,1909f56bfc062723c751e8b465ee728b) (PreviewImporter) -> (artifact id: '6d4165a3516f8c05e23eb262f4750bc8') in 0.004809792 seconds
Number of updated asset objects reloaded before import = 0Number of asset objects unloaded after import = 3

========================================================================
Received Import Request.
  Time since last request: 0.102197 seconds.
  path: Assets/Resources/Sprites/_Shapes&Icons/check.png
  artifactKey: Guid(17925d6f33a754850933efde6499b88d) Importer(815301076,1909f56bfc062723c751e8b465ee728b)
Start importing Assets/Resources/Sprites/_Shapes&Icons/check.png using Guid(17925d6f33a754850933efde6499b88d) Importer(815301076,1909f56bfc062723c751e8b465ee728b) (PreviewImporter) -> (artifact id: 'ee70dab087654f07e3fa0fbe2a49581f') in 0.005622083 seconds
Number of updated asset objects reloaded before import = 0Number of asset objects unloaded after import = 3

========================================================================
Received Import Request.
  Time since last request: 0.000133 seconds.
  path: Assets/Resources/Sprites/_Shapes&Icons/Circle.png
  artifactKey: Guid(1d70ba4effb24474e8fee4a7d5185622) Importer(815301076,1909f56bfc062723c751e8b465ee728b)
Start importing Assets/Resources/Sprites/_Shapes&Icons/Circle.png using Guid(1d70ba4effb24474e8fee4a7d5185622) Importer(815301076,1909f56bfc062723c751e8b465ee728b) (PreviewImporter) -> (artifact id: 'abe9746b545a1e927d8b9af94261c42e') in 0.004625875 seconds
Number of updated asset objects reloaded before import = 0Number of asset objects unloaded after import = 3

========================================================================
Received Import Request.
  Time since last request: 0.000056 seconds.
  path: Assets/Resources/_Shapes&Icons/CircleFill.png
  artifactKey: Guid(0275a2581012040c18b5b8d2927c7935) Importer(815301076,1909f56bfc062723c751e8b465ee728b)
Start importing Assets/Resources/_Shapes&Icons/CircleFill.png using Guid(0275a2581012040c18b5b8d2927c7935) Importer(815301076,1909f56bfc062723c751e8b465ee728b) (PreviewImporter) -> (artifact id: '347ca7b417e59696bf2163014a2d8903') in 0.004520667 seconds
Number of updated asset objects reloaded before import = 0Number of asset objects unloaded after import = 3

========================================================================
Received Import Request.
  Time since last request: 0.000100 seconds.
  path: Assets/Resources/Sprites/_Shapes&Icons/Checkered.png
  artifactKey: Guid(af9b875a2f98e417aa1e4dd4042b7732) Importer(815301076,1909f56bfc062723c751e8b465ee728b)
Start importing Assets/Resources/Sprites/_Shapes&Icons/Checkered.png using Guid(af9b875a2f98e417aa1e4dd4042b7732) Importer(815301076,1909f56bfc062723c751e8b465ee728b) (PreviewImporter) -> (artifact id: '7f21c6a39e9418be8e93f4d105e0efcb') in 0.00373975 seconds
Number of updated asset objects reloaded before import = 0Number of asset objects unloaded after import = 3

========================================================================
Received Import Request.
  Time since last request: 0.161599 seconds.
  path: Assets/Resources/Sprites/_Shapes&Icons/ArcTriangle.png
  artifactKey: Guid(30a6e5e65578147d298375de7fd1e3de) Importer(815301076,1909f56bfc062723c751e8b465ee728b)
Start importing Assets/Resources/Sprites/_Shapes&Icons/ArcTriangle.png using Guid(30a6e5e65578147d298375de7fd1e3de) Importer(815301076,1909f56bfc062723c751e8b465ee728b) (PreviewImporter) -> (artifact id: '13d4e87b3646b4406a39487ce34fb4ab') in 0.00586175 seconds
Number of updated asset objects reloaded before import = 0Number of asset objects unloaded after import = 3

========================================================================
Received Import Request.
  Time since last request: 0.000118 seconds.
  path: Assets/Resources/Sprites/_Shapes&Icons/BackIcon.png
  artifactKey: Guid(ad295f21d202b4b418ad50859b82b54e) Importer(815301076,1909f56bfc062723c751e8b465ee728b)
Start importing Assets/Resources/Sprites/_Shapes&Icons/BackIcon.png using Guid(ad295f21d202b4b418ad50859b82b54e) Importer(815301076,1909f56bfc062723c751e8b465ee728b) (PreviewImporter) -> (artifact id: 'b88f85b786213be1568193848a09123c') in 0.005711584 seconds
Number of updated asset objects reloaded before import = 0Number of asset objects unloaded after import = 3

========================================================================
Received Import Request.
  Time since last request: 0.000063 seconds.
  path: Assets/Resources/_Shapes&Icons/BackIcon.png
  artifactKey: Guid(a7e9a5c63386b49ceb300f1d125c358b) Importer(815301076,1909f56bfc062723c751e8b465ee728b)
Start importing Assets/Resources/_Shapes&Icons/BackIcon.png using Guid(a7e9a5c63386b49ceb300f1d125c358b) Importer(815301076,1909f56bfc062723c751e8b465ee728b) (PreviewImporter) -> (artifact id: 'd20ab18ef95f04f57e64969f9dd74a80') in 0.004892459 seconds
Number of updated asset objects reloaded before import = 0Number of asset objects unloaded after import = 3

========================================================================
Received Import Request.
  Time since last request: 0.000124 seconds.
  path: Assets/Resources/Sprites/_Shapes&Icons/ArrowKeys.png
  artifactKey: Guid(b9d18fbdc92ce4c99a3a530fe90a4437) Importer(815301076,1909f56bfc062723c751e8b465ee728b)
Start importing Assets/Resources/Sprites/_Shapes&Icons/ArrowKeys.png using Guid(b9d18fbdc92ce4c99a3a530fe90a4437) Importer(815301076,1909f56bfc062723c751e8b465ee728b) (PreviewImporter) -> (artifact id: '5e0bfaa27cdddf36467656115935f3a2') in 0.004964584 seconds
Number of updated asset objects reloaded before import = 0Number of asset objects unloaded after import = 3

========================================================================
Received Import Request.
  Time since last request: 7.257022 seconds.
  path: Assets/Resources/Prefabs/Screens/GameScene.prefab
  artifactKey: Guid(1dcd561b24dec4a32b3eb4c45442a0c6) Importer(815301076,1909f56bfc062723c751e8b465ee728b)
Start importing Assets/Resources/Prefabs/Screens/GameScene.prefab using Guid(1dcd561b24dec4a32b3eb4c45442a0c6) Importer(815301076,1909f56bfc062723c751e8b465ee728b) (PreviewImporter) -> (artifact id: 'bfb5b175da7c79797ca8d6630577c921') in 0.031071541 seconds
Number of updated asset objects reloaded before import = 0Number of asset objects unloaded after import = 313

========================================================================
Received Import Request.
  Time since last request: 8.019404 seconds.
  path: Assets/Resources/Prefabs/Screens/GameScene.prefab
  artifactKey: Guid(1dcd561b24dec4a32b3eb4c45442a0c6) Importer(815301076,1909f56bfc062723c751e8b465ee728b)
Start importing Assets/Resources/Prefabs/Screens/GameScene.prefab using Guid(1dcd561b24dec4a32b3eb4c45442a0c6) Importer(815301076,1909f56bfc062723c751e8b465ee728b) (PreviewImporter) -> (artifact id: 'e7afa421ba6b6ec10e29074b5cbd23ed') in 0.030443625 seconds
Number of updated asset objects reloaded before import = 0Number of asset objects unloaded after import = 313

========================================================================
Received Import Request.
  Time since last request: 13.008873 seconds.
  path: Assets/Resources/Prefabs/Screens/GameScene.prefab
  artifactKey: Guid(1dcd561b24dec4a32b3eb4c45442a0c6) Importer(815301076,1909f56bfc062723c751e8b465ee728b)
Start importing Assets/Resources/Prefabs/Screens/GameScene.prefab using Guid(1dcd561b24dec4a32b3eb4c45442a0c6) Importer(815301076,1909f56bfc062723c751e8b465ee728b) (PreviewImporter) -> (artifact id: '3bbb50b8e1e27ca6fd21f26d99d08e94') in 0.03047625 seconds
Number of updated asset objects reloaded before import = 0Number of asset objects unloaded after import = 313

========================================================================
Received Import Request.
  Time since last request: 10.571809 seconds.
  path: Assets/Resources/Fonts/Exo-Black SDF.asset
  artifactKey: Guid(4eeb56c44b14549969ae7e87fa9c58f7) Importer(815301076,1909f56bfc062723c751e8b465ee728b)
Start importing Assets/Resources/Fonts/Exo-Black SDF.asset using Guid(4eeb56c44b14549969ae7e87fa9c58f7) Importer(815301076,1909f56bfc062723c751e8b465ee728b) (PreviewImporter) -> (artifact id: '742935b2e9e66332d8410ec0d40b90e3') in 0.124408333 seconds
Number of updated asset objects reloaded before import = 0Number of asset objects unloaded after import = 6

========================================================================
Received Import Request.
  Time since last request: 0.027029 seconds.
  path: Assets/Resources/Fonts/Exo-Bold SDF.asset
  artifactKey: Guid(ad7e8edeb6d59482aa4a5ed36ae42ac8) Importer(815301076,1909f56bfc062723c751e8b465ee728b)
Start importing Assets/Resources/Fonts/Exo-Bold SDF.asset using Guid(ad7e8edeb6d59482aa4a5ed36ae42ac8) Importer(815301076,1909f56bfc062723c751e8b465ee728b) (PreviewImporter) -> (artifact id: 'bda3ce0148c7163d0884f50e719feb7b') in 0.007029375 seconds
Number of updated asset objects reloaded before import = 0Number of asset objects unloaded after import = 6

========================================================================
Received Import Request.
  Time since last request: 0.000040 seconds.
  path: Assets/Resources/Prefabs/Screens/GameScene.prefab
  artifactKey: Guid(1dcd561b24dec4a32b3eb4c45442a0c6) Importer(815301076,1909f56bfc062723c751e8b465ee728b)
Start importing Assets/Resources/Prefabs/Screens/GameScene.prefab using Guid(1dcd561b24dec4a32b3eb4c45442a0c6) Importer(815301076,1909f56bfc062723c751e8b465ee728b) (PreviewImporter) -> (artifact id: '923b84e741d018cbeab81ed99ed04f08') in 0.030371375 seconds
Number of updated asset objects reloaded before import = 0Number of asset objects unloaded after import = 313

========================================================================
Received Import Request.
  Time since last request: 0.000032 seconds.
  path: Assets/TextMesh Pro/Resources/Fonts & Materials/LiberationSans SDF - Fallback.asset
  artifactKey: Guid(2e498d1c8094910479dc3e1b768306a4) Importer(815301076,1909f56bfc062723c751e8b465ee728b)
Start importing Assets/TextMesh Pro/Resources/Fonts & Materials/LiberationSans SDF - Fallback.asset using Guid(2e498d1c8094910479dc3e1b768306a4) Importer(815301076,1909f56bfc062723c751e8b465ee728b) (PreviewImporter) -> (artifact id: 'a87c8770c9ad67b128b52627bd174283') in 0.0180915 seconds
Number of updated asset objects reloaded before import = 0Number of asset objects unloaded after import = 6

========================================================================
Received Import Request.
  Time since last request: 0.000069 seconds.
  path: Assets/Resources/Fonts/Exo-Thin SDF.asset
  artifactKey: Guid(1cc1bf26293734d0da2cccf2f555f8b7) Importer(815301076,1909f56bfc062723c751e8b465ee728b)
Start importing Assets/Resources/Fonts/Exo-Thin SDF.asset using Guid(1cc1bf26293734d0da2cccf2f555f8b7) Importer(815301076,1909f56bfc062723c751e8b465ee728b) (PreviewImporter) -> (artifact id: 'ef11891c993827b180891423d553f895') in 0.005336458 seconds
Number of updated asset objects reloaded before import = 0Number of asset objects unloaded after import = 6

========================================================================
Received Import Request.
  Time since last request: 0.000056 seconds.
  path: Assets/Resources/Fonts/Exo-MediumItalic SDF.asset
  artifactKey: Guid(57c96d6aa2b1344c984f554b7b315964) Importer(815301076,1909f56bfc062723c751e8b465ee728b)
Start importing Assets/Resources/Fonts/Exo-MediumItalic SDF.asset using Guid(57c96d6aa2b1344c984f554b7b315964) Importer(815301076,1909f56bfc062723c751e8b465ee728b) (PreviewImporter) -> (artifact id: 'e958485bb5dc1ca615df1e58e6aa16b3') in 0.004927459 seconds
Number of updated asset objects reloaded before import = 0Number of asset objects unloaded after import = 6

========================================================================
Received Import Request.
  Time since last request: 0.000051 seconds.
  path: Assets/Resources/Fonts/JanturType-Thin SDF.asset
  artifactKey: Guid(fc8d8f4bee9984de59676e2d78e498d1) Importer(815301076,1909f56bfc062723c751e8b465ee728b)
Start importing Assets/Resources/Fonts/JanturType-Thin SDF.asset using Guid(fc8d8f4bee9984de59676e2d78e498d1) Importer(815301076,1909f56bfc062723c751e8b465ee728b) (PreviewImporter) -> (artifact id: '01fe91eb563f942e03b0929b71dd1718') in 0.017939916 seconds
Number of updated asset objects reloaded before import = 0Number of asset objects unloaded after import = 6

========================================================================
Received Import Request.
  Time since last request: 0.000060 seconds.
  path: Assets/Resources/Fonts/Exo-Regular SDF.asset
  artifactKey: Guid(142ce8bf6e2bf42a4b57ac421996e782) Importer(815301076,1909f56bfc062723c751e8b465ee728b)
Start importing Assets/Resources/Fonts/Exo-Regular SDF.asset using Guid(142ce8bf6e2bf42a4b57ac421996e782) Importer(815301076,1909f56bfc062723c751e8b465ee728b) (PreviewImporter) -> (artifact id: '824ead936a301981f3a3ee2c3f09235b') in 0.005363292 seconds
Number of updated asset objects reloaded before import = 0Number of asset objects unloaded after import = 6

========================================================================
Received Import Request.
  Time since last request: 4.328500 seconds.
  path: Assets/Resources/Fonts/Exo-SemiBoldItalic SDF.asset
  artifactKey: Guid(c4513c7bf93c94dfdb4080c126b7a2b6) Importer(815301076,1909f56bfc062723c751e8b465ee728b)
Start importing Assets/Resources/Fonts/Exo-SemiBoldItalic SDF.asset using Guid(c4513c7bf93c94dfdb4080c126b7a2b6) Importer(815301076,1909f56bfc062723c751e8b465ee728b) (PreviewImporter) -> (artifact id: '068f9e53a8e8f22f2e3b01aa5e88abc4') in 0.019583542 seconds
Number of updated asset objects reloaded before import = 0Number of asset objects unloaded after import = 6

========================================================================
Received Import Request.
  Time since last request: 1.579860 seconds.
  path: Assets/Resources/Fonts/Exo-Regular SDF.asset
  artifactKey: Guid(142ce8bf6e2bf42a4b57ac421996e782) Importer(815301076,1909f56bfc062723c751e8b465ee728b)
Start importing Assets/Resources/Fonts/Exo-Regular SDF.asset using Guid(142ce8bf6e2bf42a4b57ac421996e782) Importer(815301076,1909f56bfc062723c751e8b465ee728b) (PreviewImporter) -> (artifact id: '220fff4c7f198e801f558bdd0c5ebf9f') in 0.018421458 seconds
Number of updated asset objects reloaded before import = 0Number of asset objects unloaded after import = 6

========================================================================
Received Import Request.
  Time since last request: 2.180550 seconds.
  path: Assets/Resources/Fonts/Exo-MediumItalic SDF.asset
  artifactKey: Guid(57c96d6aa2b1344c984f554b7b315964) Importer(815301076,1909f56bfc062723c751e8b465ee728b)
Start importing Assets/Resources/Fonts/Exo-MediumItalic SDF.asset using Guid(57c96d6aa2b1344c984f554b7b315964) Importer(815301076,1909f56bfc062723c751e8b465ee728b) (PreviewImporter) -> (artifact id: '364d8dd6b6f317f73fd2182c32f35eda') in 0.019297583 seconds
Number of updated asset objects reloaded before import = 0Number of asset objects unloaded after import = 6

========================================================================
Received Import Request.
  Time since last request: 0.780255 seconds.
  path: Assets/Resources/Fonts/Exo-Medium SDF.asset
  artifactKey: Guid(5412cd2e211ce4f95864806f046e3ae4) Importer(815301076,1909f56bfc062723c751e8b465ee728b)
Start importing Assets/Resources/Fonts/Exo-Medium SDF.asset using Guid(5412cd2e211ce4f95864806f046e3ae4) Importer(815301076,1909f56bfc062723c751e8b465ee728b) (PreviewImporter) -> (artifact id: '46998c6a1b9685795cb4f81434e1f9e1') in 0.01856775 seconds
Number of updated asset objects reloaded before import = 0Number of asset objects unloaded after import = 6

========================================================================
Received Import Request.
  Time since last request: 3.061760 seconds.
  path: Assets/Resources/Fonts/Exo-Italic.ttf
  artifactKey: Guid(2148e09c7920c4507b37fbf755fe6b7a) Importer(815301076,1909f56bfc062723c751e8b465ee728b)
Start importing Assets/Resources/Fonts/Exo-Italic.ttf using Guid(2148e09c7920c4507b37fbf755fe6b7a) Importer(815301076,1909f56bfc062723c751e8b465ee728b) (PreviewImporter) -> (artifact id: '5a7517db6ef4d1679b84adfa9617f48f') in 0.040628042 seconds
Number of updated asset objects reloaded before import = 0Number of asset objects unloaded after import = 4

========================================================================
Received Import Request.
  Time since last request: 0.000070 seconds.
  path: Assets/Resources/Fonts/Exo-LightItalic.ttf
  artifactKey: Guid(dc6b630b615f943d79da8efb54a3d74c) Importer(815301076,1909f56bfc062723c751e8b465ee728b)
Start importing Assets/Resources/Fonts/Exo-LightItalic.ttf using Guid(dc6b630b615f943d79da8efb54a3d74c) Importer(815301076,1909f56bfc062723c751e8b465ee728b) (PreviewImporter) -> (artifact id: 'cf317b587e57be0caa1e9825b2c8307d') in 0.00560975 seconds
Number of updated asset objects reloaded before import = 0Number of asset objects unloaded after import = 4

========================================================================
Received Import Request.
  Time since last request: 0.000043 seconds.
  path: Assets/Resources/Fonts/Exo-Regular.ttf
  artifactKey: Guid(bfb36eb1a62224fad896973b1cfb6f96) Importer(815301076,1909f56bfc062723c751e8b465ee728b)
Start importing Assets/Resources/Fonts/Exo-Regular.ttf using Guid(bfb36eb1a62224fad896973b1cfb6f96) Importer(815301076,1909f56bfc062723c751e8b465ee728b) (PreviewImporter) -> (artifact id: 'fabc5d1a9d747e7fd6f7e54adde54656') in 0.004983667 seconds
Number of updated asset objects reloaded before import = 0Number of asset objects unloaded after import = 4

========================================================================
Received Import Request.
  Time since last request: 0.000096 seconds.
  path: Assets/Resources/Fonts/Exo-Medium.ttf
  artifactKey: Guid(1b89383bde1f241a9816a490bcd3b975) Importer(815301076,1909f56bfc062723c751e8b465ee728b)
Start importing Assets/Resources/Fonts/Exo-Medium.ttf using Guid(1b89383bde1f241a9816a490bcd3b975) Importer(815301076,1909f56bfc062723c751e8b465ee728b) (PreviewImporter) -> (artifact id: '848153337852041ec8d7cafb18822ad0') in 0.00460125 seconds
Number of updated asset objects reloaded before import = 0Number of asset objects unloaded after import = 4

========================================================================
Received Import Request.
  Time since last request: 0.000098 seconds.
  path: Assets/Resources/Fonts/Exo-MediumItalic.ttf
  artifactKey: Guid(baedf8a17058e4e268195879ed9a3820) Importer(815301076,1909f56bfc062723c751e8b465ee728b)
Start importing Assets/Resources/Fonts/Exo-MediumItalic.ttf using Guid(baedf8a17058e4e268195879ed9a3820) Importer(815301076,1909f56bfc062723c751e8b465ee728b) (PreviewImporter) -> (artifact id: 'fe290b51f6480a11512913e3ddd93c9b') in 0.005262 seconds
Number of updated asset objects reloaded before import = 0Number of asset objects unloaded after import = 4

========================================================================
Received Import Request.
  Time since last request: 20.448483 seconds.
  path: Assets/Resources/Fonts/Exo-Bold.ttf
  artifactKey: Guid(2f866c8144b514dd399363759fda79f7) Importer(815301076,1909f56bfc062723c751e8b465ee728b)
Start importing Assets/Resources/Fonts/Exo-Bold.ttf using Guid(2f866c8144b514dd399363759fda79f7) Importer(815301076,1909f56bfc062723c751e8b465ee728b) (PreviewImporter) -> (artifact id: '600ebac14f16259f2c6525b47a6ed8c3') in 0.006527042 seconds
Number of updated asset objects reloaded before import = 0Number of asset objects unloaded after import = 4

========================================================================
Received Import Request.
  Time since last request: 0.000047 seconds.
  path: Assets/Resources/Fonts/Exo-ExtraLightItalic.ttf
  artifactKey: Guid(43ea7e2d3e4234be092943e8c9880d73) Importer(815301076,1909f56bfc062723c751e8b465ee728b)
Start importing Assets/Resources/Fonts/Exo-ExtraLightItalic.ttf using Guid(43ea7e2d3e4234be092943e8c9880d73) Importer(815301076,1909f56bfc062723c751e8b465ee728b) (PreviewImporter) -> (artifact id: '906a996dcfdfbc583d1df156e7985340') in 0.004882875 seconds
Number of updated asset objects reloaded before import = 0Number of asset objects unloaded after import = 4

========================================================================
Received Import Request.
  Time since last request: 0.000087 seconds.
  path: Assets/Resources/Fonts/Exo-ExtraBoldItalic.ttf
  artifactKey: Guid(0c6648ad31f3447fab7a715ac4d22af7) Importer(815301076,1909f56bfc062723c751e8b465ee728b)
Start importing Assets/Resources/Fonts/Exo-ExtraBoldItalic.ttf using Guid(0c6648ad31f3447fab7a715ac4d22af7) Importer(815301076,1909f56bfc062723c751e8b465ee728b) (PreviewImporter) -> (artifact id: '4dc9ed4cdbf1a84b240334b7759eb62d') in 0.005458625 seconds
Number of updated asset objects reloaded before import = 0Number of asset objects unloaded after import = 4

========================================================================
Received Import Request.
  Time since last request: 2.771566 seconds.
  path: Assets/Scripts/_ChrsUtils/SceneManager/MapSelectSceneScript.cs
  artifactKey: Guid(d545e5847cfe645f6a414828b85a7fc9) Importer(815301076,1909f56bfc062723c751e8b465ee728b)
Start importing Assets/Scripts/_ChrsUtils/SceneManager/MapSelectSceneScript.cs using Guid(d545e5847cfe645f6a414828b85a7fc9) Importer(815301076,1909f56bfc062723c751e8b465ee728b) (PreviewImporter) -> (artifact id: 'ad4b013509e52ecbc7dffae10c4a1e03') in 0.000319708 seconds
Number of updated asset objects reloaded before import = 0Number of asset objects unloaded after import = 0

========================================================================
Received Import Request.
  Time since last request: 6.625520 seconds.
  path: Assets/Resources/Prefabs/Screens/GameScene.prefab
  artifactKey: Guid(1dcd561b24dec4a32b3eb4c45442a0c6) Importer(2089858483,d624ce77472d68a35037170ec1d2d27e)
Start importing Assets/Resources/Prefabs/Screens/GameScene.prefab using Guid(1dcd561b24dec4a32b3eb4c45442a0c6) Importer(2089858483,d624ce77472d68a35037170ec1d2d27e) (ScriptedImporter) -> (artifact id: 'd6f270ac6c4e53290c204c15f827789a') in 0.097208584 seconds
Number of updated asset objects reloaded before import = 0Number of asset objects unloaded after import = 318

========================================================================
Received Import Request.
  Time since last request: 0.000627 seconds.
  path: Assets/Resources/Fonts/Exo-Medium SDF.asset
  artifactKey: Guid(5412cd2e211ce4f95864806f046e3ae4) Importer(2089858483,d624ce77472d68a35037170ec1d2d27e)
Start importing Assets/Resources/Fonts/Exo-Medium SDF.asset using Guid(5412cd2e211ce4f95864806f046e3ae4) Importer(2089858483,d624ce77472d68a35037170ec1d2d27e) (ScriptedImporter) -> (artifact id: 'ea96b203650d4f3e85f8f96340f335d4') in 0.0390885 seconds
Number of updated asset objects reloaded before import = 0Number of asset objects unloaded after import = 5

========================================================================
Received Prepare
Refreshing native plugins compatible for Editor in 1.32 ms, found 1 plugins.
Preloading 0 native plugins for Editor in 0.00 ms.
Unloading 29 Unused Serialized files (Serialized files now loaded: 0)
Unloading 5431 unused Assets / (3.8 MB). Loaded Objects now: 6205.
Memory consumption went from 116.8 MB to 113.0 MB.
Total: 23.442709 ms (FindLiveObjects: 0.264042 ms CreateObjectMapping: 0.144625 ms MarkObjects: 21.715041 ms  DeleteObjects: 1.318542 ms)

Prepare: number of updated asset objects reloaded= 0
========================================================================
Received Import Request.
  Time since last request: 529.168167 seconds.
  path: Assets/Scripts/Game Board/GameScreenUIController.cs
  artifactKey: Guid(eee9df0c4c1c04ab9a852003f47e825c) Importer(2089858483,d624ce77472d68a35037170ec1d2d27e)
Start importing Assets/Scripts/Game Board/GameScreenUIController.cs using Guid(eee9df0c4c1c04ab9a852003f47e825c) Importer(2089858483,d624ce77472d68a35037170ec1d2d27e) (ScriptedImporter) -> (artifact id: 'd2957a1617913ea09aea46139a8291cc') in 0.003860667 seconds
Number of updated asset objects reloaded before import = 0Number of asset objects unloaded after import = 0

========================================================================
Received Prepare
[Licensing::Client] Successfully resolved entitlement details
Begin MonoManager ReloadAssembly
[Licensing::Client] Successfully resolved entitlement details
Thread 0x178697000 may have been prematurely finalized
Symbol file LoadedFromMemory is not a mono symbol file
- Loaded All Assemblies, in  0.526 seconds
Refreshing native plugins compatible for Editor in 1.21 ms, found 1 plugins.
Native extension for iOS target not found
Native extension for Android target not found
Native extension for OSXStandalone target not found
Native extension for WebGL target not found
Refreshing native plugins compatible for Editor in 1.49 ms, found 1 plugins.
[Package Manager] Failed to launch server process. Reason: Unity was launched with the -noUpm command-line argument
[Package Manager] Unable to send message (not connected to server process).
[Package Manager] Cannot connect to Unity Package Manager local server
ScheduleIndexationOnStartup MainProcess:False IndexOnStartup:True
Mono: successfully reloaded assembly
- Finished resetting the current domain, in  1.042 seconds
Domain Reload Profiling: 1571ms
	BeginReloadAssembly (134ms)
		ExecutionOrderSort (0ms)
		DisableScriptedObjects (4ms)
		BackupInstance (0ms)
		ReleaseScriptingObjects (0ms)
		CreateAndSetChildDomain (51ms)
	RebuildCommonClasses (28ms)
	RebuildNativeTypeToScriptingClass (11ms)
	initialDomainReloadingComplete (16ms)
	LoadAllAssembliesAndSetupDomain (339ms)
		LoadAssemblies (244ms)
		RebuildTransferFunctionScriptingTraits (0ms)
		AnalyzeDomain (131ms)
			TypeCache.Refresh (11ms)
				TypeCache.ScanAssembly (1ms)
			BuildScriptInfoCaches (114ms)
			ResolveRequiredComponents (3ms)
	FinalizeReload (1043ms)
		ReleaseScriptCaches (0ms)
		RebuildScriptCaches (0ms)
		SetupLoadedEditorAssemblies (945ms)
			LogAssemblyErrors (0ms)
			InitializePlatformSupportModulesInManaged (13ms)
			SetLoadedEditorAssemblies (5ms)
			BeforeProcessingInitializeOnLoad (149ms)
			ProcessInitializeOnLoadAttributes (670ms)
			ProcessInitializeOnLoadMethodAttributes (108ms)
			AfterProcessingInitializeOnLoad (1ms)
			EditorAssembliesLoaded (0ms)
		ExecutionOrderSort2 (0ms)
		AwakeInstancesAfterBackupRestoration (3ms)
Refreshing native plugins compatible for Editor in 1.54 ms, found 1 plugins.
Preloading 0 native plugins for Editor in 0.00 ms.
Unloading 29 Unused Serialized files (Serialized files now loaded: 0)
Unloading 5463 unused Assets / (4.0 MB). Loaded Objects now: 6210.
Memory consumption went from 135.5 MB to 131.4 MB.
Total: 23.895000 ms (FindLiveObjects: 0.282125 ms CreateObjectMapping: 0.143000 ms MarkObjects: 22.068584 ms  DeleteObjects: 1.400417 ms)

Prepare: number of updated asset objects reloaded= 0
========================================================================
Received Prepare
Refreshing native plugins compatible for Editor in 1.54 ms, found 1 plugins.
Preloading 0 native plugins for Editor in 0.00 ms.
Unloading 29 Unused Serialized files (Serialized files now loaded: 0)
Unloading 5430 unused Assets / (4.2 MB). Loaded Objects now: 6210.
Memory consumption went from 115.8 MB to 111.6 MB.
Total: 23.476959 ms (FindLiveObjects: 0.293417 ms CreateObjectMapping: 0.161208 ms MarkObjects: 21.731333 ms  DeleteObjects: 1.290750 ms)

Prepare: number of updated asset objects reloaded= 0
========================================================================
Received Prepare
Refreshing native plugins compatible for Editor in 1.55 ms, found 1 plugins.
Preloading 0 native plugins for Editor in 0.00 ms.
Unloading 29 Unused Serialized files (Serialized files now loaded: 0)
Unloading 5430 unused Assets / (4.0 MB). Loaded Objects now: 6210.
Memory consumption went from 115.8 MB to 111.8 MB.
Total: 23.455708 ms (FindLiveObjects: 0.267250 ms CreateObjectMapping: 0.159250 ms MarkObjects: 21.776542 ms  DeleteObjects: 1.252042 ms)

Prepare: number of updated asset objects reloaded= 0
========================================================================
Received Prepare
[Licensing::Client] Successfully resolved entitlement details
Begin MonoManager ReloadAssembly
[Licensing::Client] Successfully resolved entitlement details
Thread 0x1705ab000 may have been prematurely finalized
Symbol file LoadedFromMemory is not a mono symbol file
- Loaded All Assemblies, in  0.511 seconds
Refreshing native plugins compatible for Editor in 1.50 ms, found 1 plugins.
Native extension for iOS target not found
Native extension for Android target not found
Native extension for OSXStandalone target not found
Native extension for WebGL target not found
Refreshing native plugins compatible for Editor in 1.63 ms, found 1 plugins.
[Package Manager] Failed to launch server process. Reason: Unity was launched with the -noUpm command-line argument
[Package Manager] Unable to send message (not connected to server process).
[Package Manager] Cannot connect to Unity Package Manager local server
ScheduleIndexationOnStartup MainProcess:False IndexOnStartup:True
Mono: successfully reloaded assembly
- Finished resetting the current domain, in  1.075 seconds
Domain Reload Profiling: 1588ms
	BeginReloadAssembly (121ms)
		ExecutionOrderSort (0ms)
		DisableScriptedObjects (3ms)
		BackupInstance (0ms)
		ReleaseScriptingObjects (0ms)
		CreateAndSetChildDomain (48ms)
	RebuildCommonClasses (26ms)
	RebuildNativeTypeToScriptingClass (11ms)
	initialDomainReloadingComplete (17ms)
	LoadAllAssembliesAndSetupDomain (338ms)
		LoadAssemblies (235ms)
		RebuildTransferFunctionScriptingTraits (0ms)
		AnalyzeDomain (135ms)
			TypeCache.Refresh (13ms)
				TypeCache.ScanAssembly (2ms)
			BuildScriptInfoCaches (116ms)
			ResolveRequiredComponents (3ms)
	FinalizeReload (1075ms)
		ReleaseScriptCaches (0ms)
		RebuildScriptCaches (0ms)
		SetupLoadedEditorAssemblies (968ms)
			LogAssemblyErrors (0ms)
			InitializePlatformSupportModulesInManaged (29ms)
			SetLoadedEditorAssemblies (6ms)
			BeforeProcessingInitializeOnLoad (134ms)
			ProcessInitializeOnLoadAttributes (688ms)
			ProcessInitializeOnLoadMethodAttributes (110ms)
			AfterProcessingInitializeOnLoad (1ms)
			EditorAssembliesLoaded (0ms)
		ExecutionOrderSort2 (0ms)
		AwakeInstancesAfterBackupRestoration (3ms)
Refreshing native plugins compatible for Editor in 1.58 ms, found 1 plugins.
Preloading 0 native plugins for Editor in 0.00 ms.
Unloading 29 Unused Serialized files (Serialized files now loaded: 0)
Unloading 5463 unused Assets / (3.7 MB). Loaded Objects now: 6216.
Memory consumption went from 135.3 MB to 131.7 MB.
Total: 23.419709 ms (FindLiveObjects: 0.255583 ms CreateObjectMapping: 0.151041 ms MarkObjects: 21.769125 ms  DeleteObjects: 1.243542 ms)

Prepare: number of updated asset objects reloaded= 0
========================================================================
Received Prepare
[Licensing::Client] Successfully resolved entitlement details
Begin MonoManager ReloadAssembly
[Licensing::Client] Successfully resolved entitlement details
Thread 0x1705af000 may have been prematurely finalized
Symbol file LoadedFromMemory is not a mono symbol file
- Loaded All Assemblies, in  0.501 seconds
Refreshing native plugins compatible for Editor in 1.15 ms, found 1 plugins.
Native extension for iOS target not found
Native extension for Android target not found
Native extension for OSXStandalone target not found
Native extension for WebGL target not found
Refreshing native plugins compatible for Editor in 1.39 ms, found 1 plugins.
[Package Manager] Failed to launch server process. Reason: Unity was launched with the -noUpm command-line argument
[Package Manager] Unable to send message (not connected to server process).
[Package Manager] Cannot connect to Unity Package Manager local server
ScheduleIndexationOnStartup MainProcess:False IndexOnStartup:True
Mono: successfully reloaded assembly
- Finished resetting the current domain, in  1.027 seconds
Domain Reload Profiling: 1530ms
	BeginReloadAssembly (114ms)
		ExecutionOrderSort (0ms)
		DisableScriptedObjects (4ms)
		BackupInstance (0ms)
		ReleaseScriptingObjects (0ms)
		CreateAndSetChildDomain (39ms)
	RebuildCommonClasses (25ms)
	RebuildNativeTypeToScriptingClass (11ms)
	initialDomainReloadingComplete (15ms)
	LoadAllAssembliesAndSetupDomain (338ms)
		LoadAssemblies (248ms)
		RebuildTransferFunctionScriptingTraits (0ms)
		AnalyzeDomain (121ms)
			TypeCache.Refresh (7ms)
				TypeCache.ScanAssembly (0ms)
			BuildScriptInfoCaches (109ms)
			ResolveRequiredComponents (3ms)
	FinalizeReload (1027ms)
		ReleaseScriptCaches (0ms)
		RebuildScriptCaches (0ms)
		SetupLoadedEditorAssemblies (930ms)
			LogAssemblyErrors (0ms)
			InitializePlatformSupportModulesInManaged (13ms)
			SetLoadedEditorAssemblies (5ms)
			BeforeProcessingInitializeOnLoad (142ms)
			ProcessInitializeOnLoadAttributes (663ms)
			ProcessInitializeOnLoadMethodAttributes (107ms)
			AfterProcessingInitializeOnLoad (1ms)
			EditorAssembliesLoaded (0ms)
		ExecutionOrderSort2 (0ms)
		AwakeInstancesAfterBackupRestoration (3ms)
Refreshing native plugins compatible for Editor in 1.83 ms, found 1 plugins.
Preloading 0 native plugins for Editor in 0.00 ms.
Unloading 29 Unused Serialized files (Serialized files now loaded: 0)
Unloading 5463 unused Assets / (3.7 MB). Loaded Objects now: 6222.
Memory consumption went from 135.3 MB to 131.6 MB.
Total: 22.995209 ms (FindLiveObjects: 0.275916 ms CreateObjectMapping: 0.153834 ms MarkObjects: 21.329625 ms  DeleteObjects: 1.235542 ms)

Prepare: number of updated asset objects reloaded= 0
========================================================================
Received Prepare
Refreshing native plugins compatible for Editor in 1.26 ms, found 1 plugins.
Preloading 0 native plugins for Editor in 0.00 ms.
Unloading 29 Unused Serialized files (Serialized files now loaded: 0)
Unloading 5430 unused Assets / (4.1 MB). Loaded Objects now: 6222.
Memory consumption went from 115.8 MB to 111.8 MB.
Total: 25.452084 ms (FindLiveObjects: 0.269583 ms CreateObjectMapping: 0.202292 ms MarkObjects: 23.722500 ms  DeleteObjects: 1.256542 ms)

Prepare: number of updated asset objects reloaded= 0
========================================================================
Received Prepare
[Licensing::Client] Successfully resolved entitlement details
Begin MonoManager ReloadAssembly
[Licensing::Client] Successfully resolved entitlement details
Thread 0x1705af000 may have been prematurely finalized
Symbol file LoadedFromMemory is not a mono symbol file
- Loaded All Assemblies, in  0.505 seconds
Refreshing native plugins compatible for Editor in 1.24 ms, found 1 plugins.
Native extension for iOS target not found
Native extension for Android target not found
Native extension for OSXStandalone target not found
Native extension for WebGL target not found
Refreshing native plugins compatible for Editor in 1.43 ms, found 1 plugins.
[Package Manager] Failed to launch server process. Reason: Unity was launched with the -noUpm command-line argument
[Package Manager] Unable to send message (not connected to server process).
[Package Manager] Cannot connect to Unity Package Manager local server
ScheduleIndexationOnStartup MainProcess:False IndexOnStartup:True
Mono: successfully reloaded assembly
- Finished resetting the current domain, in  1.054 seconds
Domain Reload Profiling: 1561ms
	BeginReloadAssembly (123ms)
		ExecutionOrderSort (0ms)
		DisableScriptedObjects (4ms)
		BackupInstance (0ms)
		ReleaseScriptingObjects (0ms)
		CreateAndSetChildDomain (38ms)
	RebuildCommonClasses (28ms)
	RebuildNativeTypeToScriptingClass (11ms)
	initialDomainReloadingComplete (17ms)
	LoadAllAssembliesAndSetupDomain (329ms)
		LoadAssemblies (242ms)
		RebuildTransferFunctionScriptingTraits (0ms)
		AnalyzeDomain (127ms)
			TypeCache.Refresh (11ms)
				TypeCache.ScanAssembly (1ms)
			BuildScriptInfoCaches (110ms)
			ResolveRequiredComponents (3ms)
	FinalizeReload (1054ms)
		ReleaseScriptCaches (0ms)
		RebuildScriptCaches (0ms)
		SetupLoadedEditorAssemblies (954ms)
			LogAssemblyErrors (0ms)
			InitializePlatformSupportModulesInManaged (14ms)
			SetLoadedEditorAssemblies (6ms)
			BeforeProcessingInitializeOnLoad (148ms)
			ProcessInitializeOnLoadAttributes (677ms)
			ProcessInitializeOnLoadMethodAttributes (107ms)
			AfterProcessingInitializeOnLoad (1ms)
			EditorAssembliesLoaded (0ms)
		ExecutionOrderSort2 (0ms)
		AwakeInstancesAfterBackupRestoration (3ms)
Refreshing native plugins compatible for Editor in 1.42 ms, found 1 plugins.
Preloading 0 native plugins for Editor in 0.00 ms.
Unloading 29 Unused Serialized files (Serialized files now loaded: 0)
Unloading 5463 unused Assets / (4.0 MB). Loaded Objects now: 6228.
Memory consumption went from 135.3 MB to 131.2 MB.
Total: 22.907833 ms (FindLiveObjects: 0.266958 ms CreateObjectMapping: 0.151625 ms MarkObjects: 21.333583 ms  DeleteObjects: 1.155334 ms)

Prepare: number of updated asset objects reloaded= 0
========================================================================
Received Prepare
[Licensing::Client] Successfully resolved entitlement details
Begin MonoManager ReloadAssembly
[Licensing::Client] Successfully resolved entitlement details
Thread 0x1705af000 may have been prematurely finalized
Symbol file LoadedFromMemory is not a mono symbol file
- Loaded All Assemblies, in  0.491 seconds
Refreshing native plugins compatible for Editor in 1.18 ms, found 1 plugins.
Native extension for iOS target not found
Native extension for Android target not found
Native extension for OSXStandalone target not found
Native extension for WebGL target not found
Refreshing native plugins compatible for Editor in 1.51 ms, found 1 plugins.
[Package Manager] Failed to launch server process. Reason: Unity was launched with the -noUpm command-line argument
[Package Manager] Unable to send message (not connected to server process).
[Package Manager] Cannot connect to Unity Package Manager local server
ScheduleIndexationOnStartup MainProcess:False IndexOnStartup:True
Mono: successfully reloaded assembly
- Finished resetting the current domain, in  1.055 seconds
Domain Reload Profiling: 1548ms
	BeginReloadAssembly (116ms)
		ExecutionOrderSort (0ms)
		DisableScriptedObjects (3ms)
		BackupInstance (0ms)
		ReleaseScriptingObjects (0ms)
		CreateAndSetChildDomain (39ms)
	RebuildCommonClasses (26ms)
	RebuildNativeTypeToScriptingClass (11ms)
	initialDomainReloadingComplete (16ms)
	LoadAllAssembliesAndSetupDomain (324ms)
		LoadAssemblies (236ms)
		RebuildTransferFunctionScriptingTraits (0ms)
		AnalyzeDomain (124ms)
			TypeCache.Refresh (7ms)
				TypeCache.ScanAssembly (0ms)
			BuildScriptInfoCaches (111ms)
			ResolveRequiredComponents (3ms)
	FinalizeReload (1055ms)
		ReleaseScriptCaches (0ms)
		RebuildScriptCaches (0ms)
		SetupLoadedEditorAssemblies (954ms)
			LogAssemblyErrors (0ms)
			InitializePlatformSupportModulesInManaged (15ms)
			SetLoadedEditorAssemblies (5ms)
			BeforeProcessingInitializeOnLoad (138ms)
			ProcessInitializeOnLoadAttributes (673ms)
			ProcessInitializeOnLoadMethodAttributes (122ms)
			AfterProcessingInitializeOnLoad (1ms)
			EditorAssembliesLoaded (0ms)
		ExecutionOrderSort2 (0ms)
		AwakeInstancesAfterBackupRestoration (4ms)
Refreshing native plugins compatible for Editor in 1.55 ms, found 1 plugins.
Preloading 0 native plugins for Editor in 0.00 ms.
Unloading 29 Unused Serialized files (Serialized files now loaded: 0)
Unloading 5463 unused Assets / (3.9 MB). Loaded Objects now: 6234.
Memory consumption went from 135.3 MB to 131.4 MB.
Total: 24.387042 ms (FindLiveObjects: 0.292250 ms CreateObjectMapping: 0.170125 ms MarkObjects: 22.639833 ms  DeleteObjects: 1.284333 ms)

Prepare: number of updated asset objects reloaded= 0
[usbmuxd] Attached: 8 00008130-000C512C0E3A001C
[usbmuxd] Detached: 8 00008130-000C512C0E3A001C
