Base path: '/Applications/Unity/Hub/Editor/6000.3.10f1/Unity.app/Contents', plugins path '/Applications/Unity/Hub/Editor/6000.3.10f1/PlaybackEngines', jobs: n
Cmd: initializeCompiler

Cmd: compileComputeKernel
  insize=4426 file=Packages/com.unity.render-pipelines.core/Editor/Lighting/ProbeVolume/VirtualOffset/TraceVirtualOffset.urtshader kernel=ComputeIndirectDispatchDims ppOnly=0 stripLineD=0 buildPlatform=9 km=<UNITY_VERSION=60030010> pKW=UNITY_NO_DXT5nm UNITY_NO_RGBM UNITY_ENABLE_REFLECTION_BUFFERS UNITY_FRAMEBUFFER_FETCH_AVAILABLE UNITY_NO_SCREENSPACE_SHADOWS UNITY_PBS_USE_BRDF3 SHADER_API_MOBILE UNITY_COLORSPACE_GAMMA UNITY_LIGHTMAP_DLDR_ENCODING uKW=SHADER_STAGE_COMPUTE platform=metal flags=268439584 reqs=50241 forceDXC=0 forceFXC=0 ok=1 outsize=1906

Cmd: compileComputeKernel
  insize=4426 file=Packages/com.unity.render-pipelines.core/Editor/Lighting/ProbeVolume/VirtualOffset/TraceVirtualOffset.urtshader kernel=MainRayGenShader ppOnly=0 stripLineD=0 buildPlatform=9 km=<UNITY_VERSION=60030010> pKW=UNITY_NO_DXT5nm UNITY_NO_RGBM UNITY_ENABLE_REFLECTION_BUFFERS UNITY_FRAMEBUFFER_FETCH_AVAILABLE UNITY_NO_SCREENSPACE_SHADOWS UNITY_PBS_USE_BRDF3 SHADER_API_MOBILE UNITY_COLORSPACE_GAMMA UNITY_LIGHTMAP_DLDR_ENCODING uKW=SHADER_STAGE_COMPUTE platform=metal flags=268439584 reqs=50241 forceDXC=0 forceFXC=0 ok=1 outsize=33900

Cmd: compileComputeKernel
  insize=12178 file=Packages/com.unity.render-pipelines.core/Runtime/RenderPipelineResources/GPUDriven/InstanceTransformUpdateKernels.compute kernel=ScatterUpdateProbesMain ppOnly=0 stripLineD=0 buildPlatform=9 km=<UNITY_VERSION=60030010> pKW=UNITY_NO_DXT5nm UNITY_NO_RGBM UNITY_ENABLE_REFLECTION_BUFFERS UNITY_FRAMEBUFFER_FETCH_AVAILABLE UNITY_NO_SCREENSPACE_SHADOWS UNITY_PBS_USE_BRDF3 SHADER_API_MOBILE UNITY_COLORSPACE_GAMMA UNITY_LIGHTMAP_DLDR_ENCODING uKW=SHADER_STAGE_COMPUTE platform=metal flags=268439584 reqs=50241 forceDXC=0 forceFXC=0 ok=1 outsize=7403

Cmd: compileComputeKernel
  insize=12178 file=Packages/com.unity.render-pipelines.core/Runtime/RenderPipelineResources/GPUDriven/InstanceTransformUpdateKernels.compute kernel=ScatterUpdateMotionMain ppOnly=0 stripLineD=0 buildPlatform=9 km=<UNITY_VERSION=60030010> pKW=UNITY_NO_DXT5nm UNITY_NO_RGBM UNITY_ENABLE_REFLECTION_BUFFERS UNITY_FRAMEBUFFER_FETCH_AVAILABLE UNITY_NO_SCREENSPACE_SHADOWS UNITY_PBS_USE_BRDF3 SHADER_API_MOBILE UNITY_COLORSPACE_GAMMA UNITY_LIGHTMAP_DLDR_ENCODING uKW=SHADER_STAGE_COMPUTE platform=metal flags=268439584 reqs=50241 forceDXC=0 forceFXC=0 ok=1 outsize=5722

Cmd: compileComputeKernel
  insize=12178 file=Packages/com.unity.render-pipelines.core/Runtime/RenderPipelineResources/GPUDriven/InstanceTransformUpdateKernels.compute kernel=ScatterUpdateTransformMain ppOnly=0 stripLineD=0 buildPlatform=9 km=<UNITY_VERSION=60030010> pKW=UNITY_NO_DXT5nm UNITY_NO_RGBM UNITY_ENABLE_REFLECTION_BUFFERS UNITY_FRAMEBUFFER_FETCH_AVAILABLE UNITY_NO_SCREENSPACE_SHADOWS UNITY_PBS_USE_BRDF3 SHADER_API_MOBILE UNITY_COLORSPACE_GAMMA UNITY_LIGHTMAP_DLDR_ENCODING uKW=SHADER_STAGE_COMPUTE platform=metal flags=268439584 reqs=50241 forceDXC=0 forceFXC=0 ok=1 outsize=10004

Cmd: compileComputeKernel
  insize=12178 file=Packages/com.unity.render-pipelines.core/Runtime/RenderPipelineResources/GPUDriven/InstanceTransformUpdateKernels.compute kernel=ScatterInitTransformMain ppOnly=0 stripLineD=0 buildPlatform=9 km=<UNITY_VERSION=60030010> pKW=UNITY_NO_DXT5nm UNITY_NO_RGBM UNITY_ENABLE_REFLECTION_BUFFERS UNITY_FRAMEBUFFER_FETCH_AVAILABLE UNITY_NO_SCREENSPACE_SHADOWS UNITY_PBS_USE_BRDF3 SHADER_API_MOBILE UNITY_COLORSPACE_GAMMA UNITY_LIGHTMAP_DLDR_ENCODING uKW=SHADER_STAGE_COMPUTE platform=metal flags=268439584 reqs=50241 forceDXC=0 forceFXC=0 ok=1 outsize=10728

Cmd: compileComputeKernel
  insize=866 file=Packages/com.unity.render-pipelines.core/Runtime/RenderPipelineResources/GPUDriven/OcclusionCullingDebug.compute kernel=ClearOcclusionDebug ppOnly=0 stripLineD=0 buildPlatform=9 km=<UNITY_VERSION=60030010> pKW=UNITY_NO_DXT5nm UNITY_NO_RGBM UNITY_ENABLE_REFLECTION_BUFFERS UNITY_FRAMEBUFFER_FETCH_AVAILABLE UNITY_NO_SCREENSPACE_SHADOWS UNITY_PBS_USE_BRDF3 SHADER_API_MOBILE UNITY_COLORSPACE_GAMMA UNITY_LIGHTMAP_DLDR_ENCODING uKW=SHADER_STAGE_COMPUTE platform=metal flags=268439584 reqs=50241 forceDXC=0 forceFXC=0 ok=1 outsize=3369

Cmd: compileComputeKernel
  insize=26314 file=Packages/com.unity.render-pipelines.core/Runtime/UnifiedRayTracing/Compute/RadeonRays/kernels/restructure_bvh.compute kernel=Restructure ppOnly=0 stripLineD=0 buildPlatform=9 km=<UNITY_VERSION=60030010> pKW=UNITY_NO_DXT5nm UNITY_NO_RGBM UNITY_ENABLE_REFLECTION_BUFFERS UNITY_FRAMEBUFFER_FETCH_AVAILABLE UNITY_NO_SCREENSPACE_SHADOWS UNITY_PBS_USE_BRDF3 SHADER_API_MOBILE UNITY_COLORSPACE_GAMMA UNITY_LIGHTMAP_DLDR_ENCODING uKW=SHADER_STAGE_COMPUTE platform=metal flags=268439584 reqs=50241 forceDXC=0 forceFXC=0 ok=1 outsize=71066

Cmd: compileComputeKernel
  insize=26314 file=Packages/com.unity.render-pipelines.core/Runtime/UnifiedRayTracing/Compute/RadeonRays/kernels/restructure_bvh.compute kernel=PrepareTreeletsDispatchSize ppOnly=0 stripLineD=0 buildPlatform=9 km=<UNITY_VERSION=60030010> pKW=UNITY_NO_DXT5nm UNITY_NO_RGBM UNITY_ENABLE_REFLECTION_BUFFERS UNITY_FRAMEBUFFER_FETCH_AVAILABLE UNITY_NO_SCREENSPACE_SHADOWS UNITY_PBS_USE_BRDF3 SHADER_API_MOBILE UNITY_COLORSPACE_GAMMA UNITY_LIGHTMAP_DLDR_ENCODING uKW=SHADER_STAGE_COMPUTE platform=metal flags=268439584 reqs=50241 forceDXC=0 forceFXC=0 ok=1 outsize=1886

Cmd: compileComputeKernel
  insize=26314 file=Packages/com.unity.render-pipelines.core/Runtime/UnifiedRayTracing/Compute/RadeonRays/kernels/restructure_bvh.compute kernel=FindTreeletRoots ppOnly=0 stripLineD=0 buildPlatform=9 km=<UNITY_VERSION=60030010> pKW=UNITY_NO_DXT5nm UNITY_NO_RGBM UNITY_ENABLE_REFLECTION_BUFFERS UNITY_FRAMEBUFFER_FETCH_AVAILABLE UNITY_NO_SCREENSPACE_SHADOWS UNITY_PBS_USE_BRDF3 SHADER_API_MOBILE UNITY_COLORSPACE_GAMMA UNITY_LIGHTMAP_DLDR_ENCODING uKW=SHADER_STAGE_COMPUTE platform=metal flags=268439584 reqs=50241 forceDXC=0 forceFXC=0 ok=1 outsize=4126

Cmd: compileComputeKernel
  insize=26314 file=Packages/com.unity.render-pipelines.core/Runtime/UnifiedRayTracing/Compute/RadeonRays/kernels/restructure_bvh.compute kernel=InitPrimitiveCounts ppOnly=0 stripLineD=0 buildPlatform=9 km=<UNITY_VERSION=60030010> pKW=UNITY_NO_DXT5nm UNITY_NO_RGBM UNITY_ENABLE_REFLECTION_BUFFERS UNITY_FRAMEBUFFER_FETCH_AVAILABLE UNITY_NO_SCREENSPACE_SHADOWS UNITY_PBS_USE_BRDF3 SHADER_API_MOBILE UNITY_COLORSPACE_GAMMA UNITY_LIGHTMAP_DLDR_ENCODING uKW=SHADER_STAGE_COMPUTE platform=metal flags=268439584 reqs=50241 forceDXC=0 forceFXC=0 ok=1 outsize=2056

Cmd: compileComputeKernel
  insize=8417 file=Packages/com.unity.render-pipelines.core/Runtime/UnifiedRayTracing/Compute/RadeonRays/kernels/scatter.compute kernel=Scatter ppOnly=0 stripLineD=0 buildPlatform=9 km=<UNITY_VERSION=60030010> pKW=UNITY_NO_DXT5nm UNITY_NO_RGBM UNITY_ENABLE_REFLECTION_BUFFERS UNITY_FRAMEBUFFER_FETCH_AVAILABLE UNITY_NO_SCREENSPACE_SHADOWS UNITY_PBS_USE_BRDF3 SHADER_API_MOBILE UNITY_COLORSPACE_GAMMA UNITY_LIGHTMAP_DLDR_ENCODING uKW=SHADER_STAGE_COMPUTE platform=metal flags=268439584 reqs=50241 forceDXC=0 forceFXC=0 ok=1 outsize=11905

Cmd: compileComputeKernel
  insize=18779 file=Packages/com.unity.render-pipelines.core/Runtime/UnifiedRayTracing/Compute/RadeonRays/kernels/build_hlbvh.compute kernel=BuildTreeBottomUp ppOnly=0 stripLineD=0 buildPlatform=9 km=<UNITY_VERSION=60030010> pKW=UNITY_NO_DXT5nm UNITY_NO_RGBM UNITY_ENABLE_REFLECTION_BUFFERS UNITY_FRAMEBUFFER_FETCH_AVAILABLE UNITY_NO_SCREENSPACE_SHADOWS UNITY_PBS_USE_BRDF3 SHADER_API_MOBILE UNITY_COLORSPACE_GAMMA UNITY_LIGHTMAP_DLDR_ENCODING uKW=SHADER_STAGE_COMPUTE platform=metal flags=268439584 reqs=50241 forceDXC=0 forceFXC=0 ok=1 outsize=35474

Cmd: compileComputeKernel
  insize=18779 file=Packages/com.unity.render-pipelines.core/Runtime/UnifiedRayTracing/Compute/RadeonRays/kernels/build_hlbvh.compute kernel=CalculateMortonCodes ppOnly=0 stripLineD=0 buildPlatform=9 km=<UNITY_VERSION=60030010> pKW=UNITY_NO_DXT5nm UNITY_NO_RGBM UNITY_ENABLE_REFLECTION_BUFFERS UNITY_FRAMEBUFFER_FETCH_AVAILABLE UNITY_NO_SCREENSPACE_SHADOWS UNITY_PBS_USE_BRDF3 SHADER_API_MOBILE UNITY_COLORSPACE_GAMMA UNITY_LIGHTMAP_DLDR_ENCODING uKW=SHADER_STAGE_COMPUTE platform=metal flags=268439584 reqs=50241 forceDXC=0 forceFXC=0 ok=1 outsize=7636

Cmd: compileComputeKernel
  insize=18779 file=Packages/com.unity.render-pipelines.core/Runtime/UnifiedRayTracing/Compute/RadeonRays/kernels/build_hlbvh.compute kernel=CalculateAabb ppOnly=0 stripLineD=0 buildPlatform=9 km=<UNITY_VERSION=60030010> pKW=UNITY_NO_DXT5nm UNITY_NO_RGBM UNITY_ENABLE_REFLECTION_BUFFERS UNITY_FRAMEBUFFER_FETCH_AVAILABLE UNITY_NO_SCREENSPACE_SHADOWS UNITY_PBS_USE_BRDF3 SHADER_API_MOBILE UNITY_COLORSPACE_GAMMA UNITY_LIGHTMAP_DLDR_ENCODING uKW=SHADER_STAGE_COMPUTE platform=metal flags=268439584 reqs=50241 forceDXC=0 forceFXC=0 ok=1 outsize=9437

Cmd: compileComputeKernel
  insize=18779 file=Packages/com.unity.render-pipelines.core/Runtime/UnifiedRayTracing/Compute/RadeonRays/kernels/build_hlbvh.compute kernel=Init ppOnly=0 stripLineD=0 buildPlatform=9 km=<UNITY_VERSION=60030010> pKW=UNITY_NO_DXT5nm UNITY_NO_RGBM UNITY_ENABLE_REFLECTION_BUFFERS UNITY_FRAMEBUFFER_FETCH_AVAILABLE UNITY_NO_SCREENSPACE_SHADOWS UNITY_PBS_USE_BRDF3 SHADER_API_MOBILE UNITY_COLORSPACE_GAMMA UNITY_LIGHTMAP_DLDR_ENCODING uKW=SHADER_STAGE_COMPUTE platform=metal flags=268439584 reqs=50241 forceDXC=0 forceFXC=0 ok=1 outsize=1283

Cmd: compileComputeKernel
  insize=7873 file=Packages/com.unity.render-pipelines.core/Tests/Runtime/Threading/FunctionTestsGroup.compute kernel=kReadThreadFirst ppOnly=0 stripLineD=0 buildPlatform=9 km=<UNITY_VERSION=60030010> pKW=UNITY_NO_DXT5nm UNITY_NO_RGBM UNITY_ENABLE_REFLECTION_BUFFERS UNITY_FRAMEBUFFER_FETCH_AVAILABLE UNITY_NO_SCREENSPACE_SHADOWS UNITY_PBS_USE_BRDF3 SHADER_API_MOBILE UNITY_COLORSPACE_GAMMA UNITY_LIGHTMAP_DLDR_ENCODING uKW=GROUP_SIZE_1 SHADER_STAGE_COMPUTE platform=metal flags=268439584 reqs=50241 forceDXC=0 forceFXC=0 ok=1 outsize=376

Cmd: compileComputeKernel
  insize=7873 file=Packages/com.unity.render-pipelines.core/Tests/Runtime/Threading/FunctionTestsGroup.compute kernel=kReadThreadAtShuffle ppOnly=0 stripLineD=0 buildPlatform=9 km=<UNITY_VERSION=60030010> pKW=UNITY_NO_DXT5nm UNITY_NO_RGBM UNITY_ENABLE_REFLECTION_BUFFERS UNITY_FRAMEBUFFER_FETCH_AVAILABLE UNITY_NO_SCREENSPACE_SHADOWS UNITY_PBS_USE_BRDF3 SHADER_API_MOBILE UNITY_COLORSPACE_GAMMA UNITY_LIGHTMAP_DLDR_ENCODING uKW=GROUP_SIZE_1 SHADER_STAGE_COMPUTE platform=metal flags=268439584 reqs=50241 forceDXC=0 forceFXC=0 ok=1 outsize=380

Cmd: compileComputeKernel
  insize=7873 file=Packages/com.unity.render-pipelines.core/Tests/Runtime/Threading/FunctionTestsGroup.compute kernel=kReadThreadAtBroadcast ppOnly=0 stripLineD=0 buildPlatform=9 km=<UNITY_VERSION=60030010> pKW=UNITY_NO_DXT5nm UNITY_NO_RGBM UNITY_ENABLE_REFLECTION_BUFFERS UNITY_FRAMEBUFFER_FETCH_AVAILABLE UNITY_NO_SCREENSPACE_SHADOWS UNITY_PBS_USE_BRDF3 SHADER_API_MOBILE UNITY_COLORSPACE_GAMMA UNITY_LIGHTMAP_DLDR_ENCODING uKW=GROUP_SIZE_1 SHADER_STAGE_COMPUTE platform=metal flags=268439584 reqs=50241 forceDXC=0 forceFXC=0 ok=1 outsize=382

Cmd: compileComputeKernel
  insize=7873 file=Packages/com.unity.render-pipelines.core/Tests/Runtime/Threading/FunctionTestsGroup.compute kernel=kPrefixSum ppOnly=0 stripLineD=0 buildPlatform=9 km=<UNITY_VERSION=60030010> pKW=UNITY_NO_DXT5nm UNITY_NO_RGBM UNITY_ENABLE_REFLECTION_BUFFERS UNITY_FRAMEBUFFER_FETCH_AVAILABLE UNITY_NO_SCREENSPACE_SHADOWS UNITY_PBS_USE_BRDF3 SHADER_API_MOBILE UNITY_COLORSPACE_GAMMA UNITY_LIGHTMAP_DLDR_ENCODING uKW=GROUP_SIZE_1 SHADER_STAGE_COMPUTE platform=metal flags=268439584 reqs=50241 forceDXC=0 forceFXC=0 ok=1 outsize=370

Cmd: compileComputeKernel
  insize=7873 file=Packages/com.unity.render-pipelines.core/Tests/Runtime/Threading/FunctionTestsGroup.compute kernel=kPrefixProduct ppOnly=0 stripLineD=0 buildPlatform=9 km=<UNITY_VERSION=60030010> pKW=UNITY_NO_DXT5nm UNITY_NO_RGBM UNITY_ENABLE_REFLECTION_BUFFERS UNITY_FRAMEBUFFER_FETCH_AVAILABLE UNITY_NO_SCREENSPACE_SHADOWS UNITY_PBS_USE_BRDF3 SHADER_API_MOBILE UNITY_COLORSPACE_GAMMA UNITY_LIGHTMAP_DLDR_ENCODING uKW=GROUP_SIZE_1 SHADER_STAGE_COMPUTE platform=metal flags=268439584 reqs=50241 forceDXC=0 forceFXC=0 ok=1 outsize=374

Cmd: compileComputeKernel
  insize=7873 file=Packages/com.unity.render-pipelines.core/Tests/Runtime/Threading/FunctionTestsGroup.compute kernel=kPrefixCountBits ppOnly=0 stripLineD=0 buildPlatform=9 km=<UNITY_VERSION=60030010> pKW=UNITY_NO_DXT5nm UNITY_NO_RGBM UNITY_ENABLE_REFLECTION_BUFFERS UNITY_FRAMEBUFFER_FETCH_AVAILABLE UNITY_NO_SCREENSPACE_SHADOWS UNITY_PBS_USE_BRDF3 SHADER_API_MOBILE UNITY_COLORSPACE_GAMMA UNITY_LIGHTMAP_DLDR_ENCODING uKW=GROUP_SIZE_1 SHADER_STAGE_COMPUTE platform=metal flags=268439584 reqs=50241 forceDXC=0 forceFXC=0 ok=1 outsize=376

Cmd: compileComputeKernel
  insize=7873 file=Packages/com.unity.render-pipelines.core/Tests/Runtime/Threading/FunctionTestsGroup.compute kernel=kIsFirstThread ppOnly=0 stripLineD=0 buildPlatform=9 km=<UNITY_VERSION=60030010> pKW=UNITY_NO_DXT5nm UNITY_NO_RGBM UNITY_ENABLE_REFLECTION_BUFFERS UNITY_FRAMEBUFFER_FETCH_AVAILABLE UNITY_NO_SCREENSPACE_SHADOWS UNITY_PBS_USE_BRDF3 SHADER_API_MOBILE UNITY_COLORSPACE_GAMMA UNITY_LIGHTMAP_DLDR_ENCODING uKW=GROUP_SIZE_1 SHADER_STAGE_COMPUTE platform=metal flags=268439584 reqs=50241 forceDXC=0 forceFXC=0 ok=1 outsize=374

Cmd: compileComputeKernel
  insize=7873 file=Packages/com.unity.render-pipelines.core/Tests/Runtime/Threading/FunctionTestsGroup.compute kernel=kGetThreadIndex ppOnly=0 stripLineD=0 buildPlatform=9 km=<UNITY_VERSION=60030010> pKW=UNITY_NO_DXT5nm UNITY_NO_RGBM UNITY_ENABLE_REFLECTION_BUFFERS UNITY_FRAMEBUFFER_FETCH_AVAILABLE UNITY_NO_SCREENSPACE_SHADOWS UNITY_PBS_USE_BRDF3 SHADER_API_MOBILE UNITY_COLORSPACE_GAMMA UNITY_LIGHTMAP_DLDR_ENCODING uKW=GROUP_SIZE_1 SHADER_STAGE_COMPUTE platform=metal flags=268439584 reqs=50241 forceDXC=0 forceFXC=0 ok=1 outsize=375

Cmd: compileComputeKernel
  insize=7873 file=Packages/com.unity.render-pipelines.core/Tests/Runtime/Threading/FunctionTestsGroup.compute kernel=kGetThreadCount ppOnly=0 stripLineD=0 buildPlatform=9 km=<UNITY_VERSION=60030010> pKW=UNITY_NO_DXT5nm UNITY_NO_RGBM UNITY_ENABLE_REFLECTION_BUFFERS UNITY_FRAMEBUFFER_FETCH_AVAILABLE UNITY_NO_SCREENSPACE_SHADOWS UNITY_PBS_USE_BRDF3 SHADER_API_MOBILE UNITY_COLORSPACE_GAMMA UNITY_LIGHTMAP_DLDR_ENCODING uKW=GROUP_SIZE_1 SHADER_STAGE_COMPUTE platform=metal flags=268439584 reqs=50241 forceDXC=0 forceFXC=0 ok=1 outsize=375

Cmd: compileComputeKernel
  insize=7873 file=Packages/com.unity.render-pipelines.core/Tests/Runtime/Threading/FunctionTestsGroup.compute kernel=kSum ppOnly=0 stripLineD=0 buildPlatform=9 km=<UNITY_VERSION=60030010> pKW=UNITY_NO_DXT5nm UNITY_NO_RGBM UNITY_ENABLE_REFLECTION_BUFFERS UNITY_FRAMEBUFFER_FETCH_AVAILABLE UNITY_NO_SCREENSPACE_SHADOWS UNITY_PBS_USE_BRDF3 SHADER_API_MOBILE UNITY_COLORSPACE_GAMMA UNITY_LIGHTMAP_DLDR_ENCODING uKW=GROUP_SIZE_1 SHADER_STAGE_COMPUTE platform=metal flags=268439584 reqs=50241 forceDXC=0 forceFXC=0 ok=1 outsize=701

Cmd: compileComputeKernel
  insize=7873 file=Packages/com.unity.render-pipelines.core/Tests/Runtime/Threading/FunctionTestsGroup.compute kernel=kProduct ppOnly=0 stripLineD=0 buildPlatform=9 km=<UNITY_VERSION=60030010> pKW=UNITY_NO_DXT5nm UNITY_NO_RGBM UNITY_ENABLE_REFLECTION_BUFFERS UNITY_FRAMEBUFFER_FETCH_AVAILABLE UNITY_NO_SCREENSPACE_SHADOWS UNITY_PBS_USE_BRDF3 SHADER_API_MOBILE UNITY_COLORSPACE_GAMMA UNITY_LIGHTMAP_DLDR_ENCODING uKW=GROUP_SIZE_1 SHADER_STAGE_COMPUTE platform=metal flags=268439584 reqs=50241 forceDXC=0 forceFXC=0 ok=1 outsize=705

Cmd: compileComputeKernel
  insize=7873 file=Packages/com.unity.render-pipelines.core/Tests/Runtime/Threading/FunctionTestsGroup.compute kernel=kMin ppOnly=0 stripLineD=0 buildPlatform=9 km=<UNITY_VERSION=60030010> pKW=UNITY_NO_DXT5nm UNITY_NO_RGBM UNITY_ENABLE_REFLECTION_BUFFERS UNITY_FRAMEBUFFER_FETCH_AVAILABLE UNITY_NO_SCREENSPACE_SHADOWS UNITY_PBS_USE_BRDF3 SHADER_API_MOBILE UNITY_COLORSPACE_GAMMA UNITY_LIGHTMAP_DLDR_ENCODING uKW=GROUP_SIZE_1 SHADER_STAGE_COMPUTE platform=metal flags=268439584 reqs=50241 forceDXC=0 forceFXC=0 ok=1 outsize=364

Cmd: compileComputeKernel
  insize=7873 file=Packages/com.unity.render-pipelines.core/Tests/Runtime/Threading/FunctionTestsGroup.compute kernel=kMax ppOnly=0 stripLineD=0 buildPlatform=9 km=<UNITY_VERSION=60030010> pKW=UNITY_NO_DXT5nm UNITY_NO_RGBM UNITY_ENABLE_REFLECTION_BUFFERS UNITY_FRAMEBUFFER_FETCH_AVAILABLE UNITY_NO_SCREENSPACE_SHADOWS UNITY_PBS_USE_BRDF3 SHADER_API_MOBILE UNITY_COLORSPACE_GAMMA UNITY_LIGHTMAP_DLDR_ENCODING uKW=GROUP_SIZE_1 SHADER_STAGE_COMPUTE platform=metal flags=268439584 reqs=50241 forceDXC=0 forceFXC=0 ok=1 outsize=364

Cmd: compileComputeKernel
  insize=7873 file=Packages/com.unity.render-pipelines.core/Tests/Runtime/Threading/FunctionTestsGroup.compute kernel=kCountBits ppOnly=0 stripLineD=0 buildPlatform=9 km=<UNITY_VERSION=60030010> pKW=UNITY_NO_DXT5nm UNITY_NO_RGBM UNITY_ENABLE_REFLECTION_BUFFERS UNITY_FRAMEBUFFER_FETCH_AVAILABLE UNITY_NO_SCREENSPACE_SHADOWS UNITY_PBS_USE_BRDF3 SHADER_API_MOBILE UNITY_COLORSPACE_GAMMA UNITY_LIGHTMAP_DLDR_ENCODING uKW=GROUP_SIZE_1 SHADER_STAGE_COMPUTE platform=metal flags=268439584 reqs=50241 forceDXC=0 forceFXC=0 ok=1 outsize=707

Cmd: compileComputeKernel
  insize=7873 file=Packages/com.unity.render-pipelines.core/Tests/Runtime/Threading/FunctionTestsGroup.compute kernel=kBitXor ppOnly=0 stripLineD=0 buildPlatform=9 km=<UNITY_VERSION=60030010> pKW=UNITY_NO_DXT5nm UNITY_NO_RGBM UNITY_ENABLE_REFLECTION_BUFFERS UNITY_FRAMEBUFFER_FETCH_AVAILABLE UNITY_NO_SCREENSPACE_SHADOWS UNITY_PBS_USE_BRDF3 SHADER_API_MOBILE UNITY_COLORSPACE_GAMMA UNITY_LIGHTMAP_DLDR_ENCODING uKW=GROUP_SIZE_1 SHADER_STAGE_COMPUTE platform=metal flags=268439584 reqs=50241 forceDXC=0 forceFXC=0 ok=1 outsize=704

Cmd: compileComputeKernel
  insize=7873 file=Packages/com.unity.render-pipelines.core/Tests/Runtime/Threading/FunctionTestsGroup.compute kernel=kBitOr ppOnly=0 stripLineD=0 buildPlatform=9 km=<UNITY_VERSION=60030010> pKW=UNITY_NO_DXT5nm UNITY_NO_RGBM UNITY_ENABLE_REFLECTION_BUFFERS UNITY_FRAMEBUFFER_FETCH_AVAILABLE UNITY_NO_SCREENSPACE_SHADOWS UNITY_PBS_USE_BRDF3 SHADER_API_MOBILE UNITY_COLORSPACE_GAMMA UNITY_LIGHTMAP_DLDR_ENCODING uKW=GROUP_SIZE_1 SHADER_STAGE_COMPUTE platform=metal flags=268439584 reqs=50241 forceDXC=0 forceFXC=0 ok=1 outsize=703

Cmd: compileComputeKernel
  insize=7873 file=Packages/com.unity.render-pipelines.core/Tests/Runtime/Threading/FunctionTestsGroup.compute kernel=kBitAnd ppOnly=0 stripLineD=0 buildPlatform=9 km=<UNITY_VERSION=60030010> pKW=UNITY_NO_DXT5nm UNITY_NO_RGBM UNITY_ENABLE_REFLECTION_BUFFERS UNITY_FRAMEBUFFER_FETCH_AVAILABLE UNITY_NO_SCREENSPACE_SHADOWS UNITY_PBS_USE_BRDF3 SHADER_API_MOBILE UNITY_COLORSPACE_GAMMA UNITY_LIGHTMAP_DLDR_ENCODING uKW=GROUP_SIZE_1 SHADER_STAGE_COMPUTE platform=metal flags=268439584 reqs=50241 forceDXC=0 forceFXC=0 ok=1 outsize=704

Cmd: compileComputeKernel
  insize=7873 file=Packages/com.unity.render-pipelines.core/Tests/Runtime/Threading/FunctionTestsGroup.compute kernel=kBallot ppOnly=0 stripLineD=0 buildPlatform=9 km=<UNITY_VERSION=60030010> pKW=UNITY_NO_DXT5nm UNITY_NO_RGBM UNITY_ENABLE_REFLECTION_BUFFERS UNITY_FRAMEBUFFER_FETCH_AVAILABLE UNITY_NO_SCREENSPACE_SHADOWS UNITY_PBS_USE_BRDF3 SHADER_API_MOBILE UNITY_COLORSPACE_GAMMA UNITY_LIGHTMAP_DLDR_ENCODING uKW=GROUP_SIZE_1 SHADER_STAGE_COMPUTE platform=metal flags=268439584 reqs=50241 forceDXC=0 forceFXC=0 ok=1 outsize=704

Cmd: compileComputeKernel
  insize=7873 file=Packages/com.unity.render-pipelines.core/Tests/Runtime/Threading/FunctionTestsGroup.compute kernel=kAnyTrue ppOnly=0 stripLineD=0 buildPlatform=9 km=<UNITY_VERSION=60030010> pKW=UNITY_NO_DXT5nm UNITY_NO_RGBM UNITY_ENABLE_REFLECTION_BUFFERS UNITY_FRAMEBUFFER_FETCH_AVAILABLE UNITY_NO_SCREENSPACE_SHADOWS UNITY_PBS_USE_BRDF3 SHADER_API_MOBILE UNITY_COLORSPACE_GAMMA UNITY_LIGHTMAP_DLDR_ENCODING uKW=GROUP_SIZE_1 SHADER_STAGE_COMPUTE platform=metal flags=268439584 reqs=50241 forceDXC=0 forceFXC=0 ok=1 outsize=368

Cmd: compileComputeKernel
  insize=7873 file=Packages/com.unity.render-pipelines.core/Tests/Runtime/Threading/FunctionTestsGroup.compute kernel=kAllTrue ppOnly=0 stripLineD=0 buildPlatform=9 km=<UNITY_VERSION=60030010> pKW=UNITY_NO_DXT5nm UNITY_NO_RGBM UNITY_ENABLE_REFLECTION_BUFFERS UNITY_FRAMEBUFFER_FETCH_AVAILABLE UNITY_NO_SCREENSPACE_SHADOWS UNITY_PBS_USE_BRDF3 SHADER_API_MOBILE UNITY_COLORSPACE_GAMMA UNITY_LIGHTMAP_DLDR_ENCODING uKW=GROUP_SIZE_1 SHADER_STAGE_COMPUTE platform=metal flags=268439584 reqs=50241 forceDXC=0 forceFXC=0 ok=1 outsize=705

Cmd: compileComputeKernel
  insize=7873 file=Packages/com.unity.render-pipelines.core/Tests/Runtime/Threading/FunctionTestsGroup.compute kernel=kAllEqual ppOnly=0 stripLineD=0 buildPlatform=9 km=<UNITY_VERSION=60030010> pKW=UNITY_NO_DXT5nm UNITY_NO_RGBM UNITY_ENABLE_REFLECTION_BUFFERS UNITY_FRAMEBUFFER_FETCH_AVAILABLE UNITY_NO_SCREENSPACE_SHADOWS UNITY_PBS_USE_BRDF3 SHADER_API_MOBILE UNITY_COLORSPACE_GAMMA UNITY_LIGHTMAP_DLDR_ENCODING uKW=GROUP_SIZE_1 SHADER_STAGE_COMPUTE platform=metal flags=268439584 reqs=50241 forceDXC=0 forceFXC=0 ok=1 outsize=369

Cmd: compileComputeKernel
  insize=1980 file=Packages/com.unity.render-pipelines.core/Runtime/RenderPipelineResources/GPUDriven/InstanceDataBufferUploadKernels.compute kernel=MainUploadScatterInstances ppOnly=0 stripLineD=0 buildPlatform=9 km=<UNITY_VERSION=60030010> pKW=UNITY_NO_DXT5nm UNITY_NO_RGBM UNITY_ENABLE_REFLECTION_BUFFERS UNITY_FRAMEBUFFER_FETCH_AVAILABLE UNITY_NO_SCREENSPACE_SHADOWS UNITY_PBS_USE_BRDF3 SHADER_API_MOBILE UNITY_COLORSPACE_GAMMA UNITY_LIGHTMAP_DLDR_ENCODING uKW=SHADER_STAGE_COMPUTE platform=metal flags=268439584 reqs=50241 forceDXC=0 forceFXC=0 ok=1 outsize=4003

Cmd: compileComputeKernel
  insize=22768 file=Packages/com.unity.render-pipelines.core/Runtime/STP/StpSetup.compute kernel=StpSetup ppOnly=0 stripLineD=0 buildPlatform=9 km=<UNITY_VERSION=60030010> pKW=UNITY_NO_DXT5nm UNITY_NO_RGBM UNITY_ENABLE_REFLECTION_BUFFERS UNITY_FRAMEBUFFER_FETCH_AVAILABLE UNITY_NO_SCREENSPACE_SHADOWS UNITY_PBS_USE_BRDF3 SHADER_API_MOBILE UNITY_COLORSPACE_GAMMA UNITY_LIGHTMAP_DLDR_ENCODING uKW=SHADER_STAGE_COMPUTE platform=metal flags=268439584 reqs=50241 forceDXC=0 forceFXC=0 ok=1 outsize=28136

Cmd: compileComputeKernel
  insize=3032 file=Packages/com.unity.render-pipelines.core/Runtime/Lighting/ProbeVolume/ProbeVolumeUploadDataL2.compute kernel=UploadDataL2 ppOnly=0 stripLineD=0 buildPlatform=9 km=<UNITY_VERSION=60030010> pKW=UNITY_NO_DXT5nm UNITY_NO_RGBM UNITY_ENABLE_REFLECTION_BUFFERS UNITY_FRAMEBUFFER_FETCH_AVAILABLE UNITY_NO_SCREENSPACE_SHADOWS UNITY_PBS_USE_BRDF3 SHADER_API_MOBILE UNITY_COLORSPACE_GAMMA UNITY_LIGHTMAP_DLDR_ENCODING uKW=SHADER_STAGE_COMPUTE platform=metal flags=268439584 reqs=50241 forceDXC=0 forceFXC=0 ok=1 outsize=12056

Cmd: compileComputeKernel
  insize=3569 file=Packages/com.unity.render-pipelines.core/Runtime/UnifiedRayTracing/Compute/RadeonRays/kernels/block_reduce_part.compute kernel=BlockReducePart ppOnly=0 stripLineD=0 buildPlatform=9 km=<UNITY_VERSION=60030010> pKW=UNITY_NO_DXT5nm UNITY_NO_RGBM UNITY_ENABLE_REFLECTION_BUFFERS UNITY_FRAMEBUFFER_FETCH_AVAILABLE UNITY_NO_SCREENSPACE_SHADOWS UNITY_PBS_USE_BRDF3 SHADER_API_MOBILE UNITY_COLORSPACE_GAMMA UNITY_LIGHTMAP_DLDR_ENCODING uKW=SHADER_STAGE_COMPUTE platform=metal flags=268439584 reqs=50241 forceDXC=0 forceFXC=0 ok=1 outsize=2825

Cmd: compileComputeKernel
  insize=251 file=Packages/com.unity.render-pipelines.core/Tests/Editor/BufferCopyTest.compute kernel=CSMain ppOnly=0 stripLineD=0 buildPlatform=9 km=<UNITY_VERSION=60030010> pKW=UNITY_NO_DXT5nm UNITY_NO_RGBM UNITY_ENABLE_REFLECTION_BUFFERS UNITY_FRAMEBUFFER_FETCH_AVAILABLE UNITY_NO_SCREENSPACE_SHADOWS UNITY_PBS_USE_BRDF3 SHADER_API_MOBILE UNITY_COLORSPACE_GAMMA UNITY_LIGHTMAP_DLDR_ENCODING uKW=SHADER_STAGE_COMPUTE platform=metal flags=268439584 reqs=50241 forceDXC=0 forceFXC=0 ok=1 outsize=649

Cmd: compileComputeKernel
  insize=2750 file=Packages/com.unity.render-pipelines.core/Runtime/Lighting/ProbeVolume/ProbeVolumeBlendStates.compute kernel=BlendScenarios ppOnly=0 stripLineD=0 buildPlatform=9 km=<UNITY_VERSION=60030010> pKW=UNITY_NO_DXT5nm UNITY_NO_RGBM UNITY_ENABLE_REFLECTION_BUFFERS UNITY_FRAMEBUFFER_FETCH_AVAILABLE UNITY_NO_SCREENSPACE_SHADOWS UNITY_PBS_USE_BRDF3 SHADER_API_MOBILE UNITY_COLORSPACE_GAMMA UNITY_LIGHTMAP_DLDR_ENCODING uKW=SHADER_STAGE_COMPUTE platform=metal flags=268439584 reqs=50241 forceDXC=0 forceFXC=0 ok=1 outsize=6339

Cmd: compileComputeKernel
  insize=5742 file=Packages/com.unity.render-pipelines.core/Runtime/UnifiedRayTracing/Compute/RadeonRays/kernels/block_scan.compute kernel=BlockScanAdd ppOnly=0 stripLineD=0 buildPlatform=9 km=<UNITY_VERSION=60030010> pKW=UNITY_NO_DXT5nm UNITY_NO_RGBM UNITY_ENABLE_REFLECTION_BUFFERS UNITY_FRAMEBUFFER_FETCH_AVAILABLE UNITY_NO_SCREENSPACE_SHADOWS UNITY_PBS_USE_BRDF3 SHADER_API_MOBILE UNITY_COLORSPACE_GAMMA UNITY_LIGHTMAP_DLDR_ENCODING uKW=SHADER_STAGE_COMPUTE platform=metal flags=268439584 reqs=50241 forceDXC=0 forceFXC=0 ok=1 outsize=6006

Cmd: compileComputeKernel
  insize=3558 file=Packages/com.unity.render-pipelines.core/Runtime/UnifiedRayTracing/Common/GeometryPool/GeometryPoolKernels.compute kernel=MainUpdateVertexBuffer ppOnly=0 stripLineD=0 buildPlatform=9 km=<UNITY_VERSION=60030010> pKW=UNITY_NO_DXT5nm UNITY_NO_RGBM UNITY_ENABLE_REFLECTION_BUFFERS UNITY_FRAMEBUFFER_FETCH_AVAILABLE UNITY_NO_SCREENSPACE_SHADOWS UNITY_PBS_USE_BRDF3 SHADER_API_MOBILE UNITY_COLORSPACE_GAMMA UNITY_LIGHTMAP_DLDR_ENCODING uKW=SHADER_STAGE_COMPUTE platform=metal flags=268439584 reqs=50241 forceDXC=0 forceFXC=0 ok=1 outsize=5835

Cmd: compileComputeKernel
  insize=3558 file=Packages/com.unity.render-pipelines.core/Runtime/UnifiedRayTracing/Common/GeometryPool/GeometryPoolKernels.compute kernel=MainUpdateIndexBuffer32 ppOnly=0 stripLineD=0 buildPlatform=9 km=<UNITY_VERSION=60030010> pKW=UNITY_NO_DXT5nm UNITY_NO_RGBM UNITY_ENABLE_REFLECTION_BUFFERS UNITY_FRAMEBUFFER_FETCH_AVAILABLE UNITY_NO_SCREENSPACE_SHADOWS UNITY_PBS_USE_BRDF3 SHADER_API_MOBILE UNITY_COLORSPACE_GAMMA UNITY_LIGHTMAP_DLDR_ENCODING uKW=SHADER_STAGE_COMPUTE platform=metal flags=268439584 reqs=50241 forceDXC=0 forceFXC=0 ok=1 outsize=1679

Cmd: compileComputeKernel
  insize=3558 file=Packages/com.unity.render-pipelines.core/Runtime/UnifiedRayTracing/Common/GeometryPool/GeometryPoolKernels.compute kernel=MainUpdateIndexBuffer16 ppOnly=0 stripLineD=0 buildPlatform=9 km=<UNITY_VERSION=60030010> pKW=UNITY_NO_DXT5nm UNITY_NO_RGBM UNITY_ENABLE_REFLECTION_BUFFERS UNITY_FRAMEBUFFER_FETCH_AVAILABLE UNITY_NO_SCREENSPACE_SHADOWS UNITY_PBS_USE_BRDF3 SHADER_API_MOBILE UNITY_COLORSPACE_GAMMA UNITY_LIGHTMAP_DLDR_ENCODING uKW=SHADER_STAGE_COMPUTE platform=metal flags=268439584 reqs=50241 forceDXC=0 forceFXC=0 ok=1 outsize=2859

Cmd: compileComputeKernel
  insize=5196 file=Packages/com.unity.render-pipelines.core/Runtime/STP/StpTaa.compute kernel=StpTaa ppOnly=0 stripLineD=0 buildPlatform=9 km=<UNITY_VERSION=60030010> pKW=UNITY_NO_DXT5nm UNITY_NO_RGBM UNITY_ENABLE_REFLECTION_BUFFERS UNITY_FRAMEBUFFER_FETCH_AVAILABLE UNITY_NO_SCREENSPACE_SHADOWS UNITY_PBS_USE_BRDF3 SHADER_API_MOBILE UNITY_COLORSPACE_GAMMA UNITY_LIGHTMAP_DLDR_ENCODING uKW=SHADER_STAGE_COMPUTE platform=metal flags=268439584 reqs=50241 forceDXC=0 forceFXC=0 ok=1 outsize=18483

Cmd: compileComputeKernel
  insize=9512 file=Packages/com.unity.render-pipelines.core/Runtime/RenderPipelineResources/GPUDriven/InstanceOcclusionCullingKernels.compute kernel=CullInstances ppOnly=0 stripLineD=0 buildPlatform=9 km=<UNITY_VERSION=60030010> pKW=UNITY_NO_DXT5nm UNITY_NO_RGBM UNITY_ENABLE_REFLECTION_BUFFERS UNITY_FRAMEBUFFER_FETCH_AVAILABLE UNITY_NO_SCREENSPACE_SHADOWS UNITY_PBS_USE_BRDF3 SHADER_API_MOBILE UNITY_COLORSPACE_GAMMA UNITY_LIGHTMAP_DLDR_ENCODING uKW=SHADER_STAGE_COMPUTE platform=metal flags=268439584 reqs=50241 forceDXC=0 forceFXC=0 ok=1 outsize=7256

Cmd: compileComputeKernel
  insize=9512 file=Packages/com.unity.render-pipelines.core/Runtime/RenderPipelineResources/GPUDriven/InstanceOcclusionCullingKernels.compute kernel=CopyInstances ppOnly=0 stripLineD=0 buildPlatform=9 km=<UNITY_VERSION=60030010> pKW=UNITY_NO_DXT5nm UNITY_NO_RGBM UNITY_ENABLE_REFLECTION_BUFFERS UNITY_FRAMEBUFFER_FETCH_AVAILABLE UNITY_NO_SCREENSPACE_SHADOWS UNITY_PBS_USE_BRDF3 SHADER_API_MOBILE UNITY_COLORSPACE_GAMMA UNITY_LIGHTMAP_DLDR_ENCODING uKW=SHADER_STAGE_COMPUTE platform=metal flags=268439584 reqs=50241 forceDXC=0 forceFXC=0 ok=1 outsize=3492

Cmd: compileComputeKernel
  insize=9512 file=Packages/com.unity.render-pipelines.core/Runtime/RenderPipelineResources/GPUDriven/InstanceOcclusionCullingKernels.compute kernel=ResetDrawArgs ppOnly=0 stripLineD=0 buildPlatform=9 km=<UNITY_VERSION=60030010> pKW=UNITY_NO_DXT5nm UNITY_NO_RGBM UNITY_ENABLE_REFLECTION_BUFFERS UNITY_FRAMEBUFFER_FETCH_AVAILABLE UNITY_NO_SCREENSPACE_SHADOWS UNITY_PBS_USE_BRDF3 SHADER_API_MOBILE UNITY_COLORSPACE_GAMMA UNITY_LIGHTMAP_DLDR_ENCODING uKW=SHADER_STAGE_COMPUTE platform=metal flags=268439584 reqs=50241 forceDXC=0 forceFXC=0 ok=1 outsize=2715

Cmd: compileComputeKernel
  insize=6600 file=Packages/com.unity.render-pipelines.core/Editor/Lighting/ProbeVolume/ProbeVolumeCellDilation.compute kernel=DilateCell ppOnly=0 stripLineD=0 buildPlatform=9 km=<UNITY_VERSION=60030010> pKW=UNITY_NO_DXT5nm UNITY_NO_RGBM UNITY_ENABLE_REFLECTION_BUFFERS UNITY_FRAMEBUFFER_FETCH_AVAILABLE UNITY_NO_SCREENSPACE_SHADOWS UNITY_PBS_USE_BRDF3 SHADER_API_MOBILE UNITY_COLORSPACE_GAMMA UNITY_LIGHTMAP_DLDR_ENCODING uKW=SHADER_STAGE_COMPUTE platform=metal flags=268439584 reqs=50241 forceDXC=0 forceFXC=0 ok=1 outsize=41864

Cmd: compileComputeKernel
  insize=2171 file=Packages/com.unity.render-pipelines.core/Runtime/RenderPipelineResources/GPUDriven/InstanceDataBufferCopyKernels.compute kernel=MainCopyInstances ppOnly=0 stripLineD=0 buildPlatform=9 km=<UNITY_VERSION=60030010> pKW=UNITY_NO_DXT5nm UNITY_NO_RGBM UNITY_ENABLE_REFLECTION_BUFFERS UNITY_FRAMEBUFFER_FETCH_AVAILABLE UNITY_NO_SCREENSPACE_SHADOWS UNITY_PBS_USE_BRDF3 SHADER_API_MOBILE UNITY_COLORSPACE_GAMMA UNITY_LIGHTMAP_DLDR_ENCODING uKW=SHADER_STAGE_COMPUTE platform=metal flags=268439584 reqs=50241 forceDXC=0 forceFXC=0 ok=1 outsize=3653

Cmd: compileComputeKernel
  insize=2790 file=Packages/com.unity.render-pipelines.core/Runtime/Vrs/Shaders/VrsTexture.compute kernel=TextureReduce ppOnly=0 stripLineD=0 buildPlatform=9 km=<UNITY_VERSION=60030010> pKW=UNITY_NO_DXT5nm UNITY_NO_RGBM UNITY_ENABLE_REFLECTION_BUFFERS UNITY_FRAMEBUFFER_FETCH_AVAILABLE UNITY_NO_SCREENSPACE_SHADOWS UNITY_PBS_USE_BRDF3 SHADER_API_MOBILE UNITY_COLORSPACE_GAMMA UNITY_LIGHTMAP_DLDR_ENCODING uKW=VRS_TILE_SIZE_8 SHADER_STAGE_COMPUTE platform=metal flags=268439584 reqs=50241 forceDXC=0 forceFXC=0 ok=1 outsize=4647

Cmd: compileComputeKernel
  insize=2790 file=Packages/com.unity.render-pipelines.core/Runtime/Vrs/Shaders/VrsTexture.compute kernel=TextureCopy ppOnly=0 stripLineD=0 buildPlatform=9 km=<UNITY_VERSION=60030010> pKW=UNITY_NO_DXT5nm UNITY_NO_RGBM UNITY_ENABLE_REFLECTION_BUFFERS UNITY_FRAMEBUFFER_FETCH_AVAILABLE UNITY_NO_SCREENSPACE_SHADOWS UNITY_PBS_USE_BRDF3 SHADER_API_MOBILE UNITY_COLORSPACE_GAMMA UNITY_LIGHTMAP_DLDR_ENCODING uKW=VRS_TILE_SIZE_8 SHADER_STAGE_COMPUTE platform=metal flags=268439584 reqs=50241 forceDXC=0 forceFXC=0 ok=1 outsize=2811

Cmd: compileComputeKernel
  insize=1242 file=Packages/com.unity.render-pipelines.core/Tests/Editor/UnifiedRayTracing/TraceRays.urtshader kernel=ComputeIndirectDispatchDims ppOnly=0 stripLineD=0 buildPlatform=9 km=<UNITY_VERSION=60030010> pKW=UNITY_NO_DXT5nm UNITY_NO_RGBM UNITY_ENABLE_REFLECTION_BUFFERS UNITY_FRAMEBUFFER_FETCH_AVAILABLE UNITY_NO_SCREENSPACE_SHADOWS UNITY_PBS_USE_BRDF3 SHADER_API_MOBILE UNITY_COLORSPACE_GAMMA UNITY_LIGHTMAP_DLDR_ENCODING uKW=SHADER_STAGE_COMPUTE platform=metal flags=268439584 reqs=50241 forceDXC=0 forceFXC=0 ok=1 outsize=1889

Cmd: compileComputeKernel
  insize=1242 file=Packages/com.unity.render-pipelines.core/Tests/Editor/UnifiedRayTracing/TraceRays.urtshader kernel=MainRayGenShader ppOnly=0 stripLineD=0 buildPlatform=9 km=<UNITY_VERSION=60030010> pKW=UNITY_NO_DXT5nm UNITY_NO_RGBM UNITY_ENABLE_REFLECTION_BUFFERS UNITY_FRAMEBUFFER_FETCH_AVAILABLE UNITY_NO_SCREENSPACE_SHADOWS UNITY_PBS_USE_BRDF3 SHADER_API_MOBILE UNITY_COLORSPACE_GAMMA UNITY_LIGHTMAP_DLDR_ENCODING uKW=SHADER_STAGE_COMPUTE platform=metal flags=268439584 reqs=50241 forceDXC=0 forceFXC=0 ok=1 outsize=28788

Cmd: compileComputeKernel
  insize=8051 file=Packages/com.unity.render-pipelines.core/Runtime/Lighting/ProbeVolume/ProbeVolumeUploadData.compute kernel=UploadData ppOnly=0 stripLineD=0 buildPlatform=9 km=<UNITY_VERSION=60030010> pKW=UNITY_NO_DXT5nm UNITY_NO_RGBM UNITY_ENABLE_REFLECTION_BUFFERS UNITY_FRAMEBUFFER_FETCH_AVAILABLE UNITY_NO_SCREENSPACE_SHADOWS UNITY_PBS_USE_BRDF3 SHADER_API_MOBILE UNITY_COLORSPACE_GAMMA UNITY_LIGHTMAP_DLDR_ENCODING uKW=SHADER_STAGE_COMPUTE platform=metal flags=268439584 reqs=50241 forceDXC=0 forceFXC=0 ok=1 outsize=10764

Cmd: compileComputeKernel
  insize=3703 file=Packages/com.unity.render-pipelines.core/Runtime/STP/StpPreTaa.compute kernel=StpPreTaa ppOnly=0 stripLineD=0 buildPlatform=9 km=<UNITY_VERSION=60030010> pKW=UNITY_NO_DXT5nm UNITY_NO_RGBM UNITY_ENABLE_REFLECTION_BUFFERS UNITY_FRAMEBUFFER_FETCH_AVAILABLE UNITY_NO_SCREENSPACE_SHADOWS UNITY_PBS_USE_BRDF3 SHADER_API_MOBILE UNITY_COLORSPACE_GAMMA UNITY_LIGHTMAP_DLDR_ENCODING uKW=SHADER_STAGE_COMPUTE platform=metal flags=268439584 reqs=50241 forceDXC=0 forceFXC=0 ok=1 outsize=19637

Cmd: compileComputeKernel
  insize=7013 file=Packages/com.unity.render-pipelines.core/Editor/Lighting/ProbeVolume/DynamicGI/DynamicGISkyOcclusion.urtshader kernel=ComputeIndirectDispatchDims ppOnly=0 stripLineD=0 buildPlatform=9 km=<UNITY_VERSION=60030010> pKW=UNITY_NO_DXT5nm UNITY_NO_RGBM UNITY_ENABLE_REFLECTION_BUFFERS UNITY_FRAMEBUFFER_FETCH_AVAILABLE UNITY_NO_SCREENSPACE_SHADOWS UNITY_PBS_USE_BRDF3 SHADER_API_MOBILE UNITY_COLORSPACE_GAMMA UNITY_LIGHTMAP_DLDR_ENCODING uKW=SHADER_STAGE_COMPUTE platform=metal flags=268439584 reqs=50241 forceDXC=0 forceFXC=0 ok=1 outsize=1906

Cmd: compileComputeKernel
  insize=7013 file=Packages/com.unity.render-pipelines.core/Editor/Lighting/ProbeVolume/DynamicGI/DynamicGISkyOcclusion.urtshader kernel=MainRayGenShader ppOnly=0 stripLineD=0 buildPlatform=9 km=<UNITY_VERSION=60030010> pKW=UNITY_NO_DXT5nm UNITY_NO_RGBM UNITY_ENABLE_REFLECTION_BUFFERS UNITY_FRAMEBUFFER_FETCH_AVAILABLE UNITY_NO_SCREENSPACE_SHADOWS UNITY_PBS_USE_BRDF3 SHADER_API_MOBILE UNITY_COLORSPACE_GAMMA UNITY_LIGHTMAP_DLDR_ENCODING uKW=SHADER_STAGE_COMPUTE platform=metal flags=268439584 reqs=50241 forceDXC=0 forceFXC=0 ok=1 outsize=54405

Cmd: compileComputeKernel
  insize=7013 file=Packages/com.unity.render-pipelines.core/Editor/Lighting/ProbeVolume/DynamicGI/DynamicGISkyOcclusion.urtshader kernel=EncodeShadingDirection ppOnly=0 stripLineD=0 buildPlatform=9 km=<UNITY_VERSION=60030010> pKW=UNITY_NO_DXT5nm UNITY_NO_RGBM UNITY_ENABLE_REFLECTION_BUFFERS UNITY_FRAMEBUFFER_FETCH_AVAILABLE UNITY_NO_SCREENSPACE_SHADOWS UNITY_PBS_USE_BRDF3 SHADER_API_MOBILE UNITY_COLORSPACE_GAMMA UNITY_LIGHTMAP_DLDR_ENCODING uKW=SHADER_STAGE_COMPUTE platform=metal flags=268439584 reqs=50241 forceDXC=0 forceFXC=0 ok=1 outsize=2716

Cmd: compileComputeKernel
  insize=6465 file=Packages/com.unity.render-pipelines.core/Runtime/RenderPipelineResources/GPUDriven/OccluderDepthPyramidKernels.compute kernel=OccluderDepthDownscale ppOnly=0 stripLineD=0 buildPlatform=9 km=<UNITY_VERSION=60030010> pKW=UNITY_NO_DXT5nm UNITY_NO_RGBM UNITY_ENABLE_REFLECTION_BUFFERS UNITY_FRAMEBUFFER_FETCH_AVAILABLE UNITY_NO_SCREENSPACE_SHADOWS UNITY_PBS_USE_BRDF3 SHADER_API_MOBILE UNITY_COLORSPACE_GAMMA UNITY_LIGHTMAP_DLDR_ENCODING uKW=SHADER_STAGE_COMPUTE platform=metal flags=268439584 reqs=50241 forceDXC=0 forceFXC=0 ok=1 outsize=10486

Cmd: compileComputeKernel
  insize=8843 file=Packages/com.unity.render-pipelines.core/Tests/Runtime/Threading/FunctionTestsWave.compute kernel=kReadLaneFirst ppOnly=0 stripLineD=0 buildPlatform=9 km=<UNITY_VERSION=60030010> pKW=UNITY_NO_DXT5nm UNITY_NO_RGBM UNITY_ENABLE_REFLECTION_BUFFERS UNITY_FRAMEBUFFER_FETCH_AVAILABLE UNITY_NO_SCREENSPACE_SHADOWS UNITY_PBS_USE_BRDF3 SHADER_API_MOBILE UNITY_COLORSPACE_GAMMA UNITY_LIGHTMAP_DLDR_ENCODING uKW=SHADER_STAGE_COMPUTE platform=metal flags=268439584 reqs=50241 forceDXC=0 forceFXC=0 ok=1 outsize=1231

Cmd: compileComputeKernel
  insize=8843 file=Packages/com.unity.render-pipelines.core/Tests/Runtime/Threading/FunctionTestsWave.compute kernel=kReadLaneAtShuffle ppOnly=0 stripLineD=0 buildPlatform=9 km=<UNITY_VERSION=60030010> pKW=UNITY_NO_DXT5nm UNITY_NO_RGBM UNITY_ENABLE_REFLECTION_BUFFERS UNITY_FRAMEBUFFER_FETCH_AVAILABLE UNITY_NO_SCREENSPACE_SHADOWS UNITY_PBS_USE_BRDF3 SHADER_API_MOBILE UNITY_COLORSPACE_GAMMA UNITY_LIGHTMAP_DLDR_ENCODING uKW=SHADER_STAGE_COMPUTE platform=metal flags=268439584 reqs=50241 forceDXC=0 forceFXC=0 ok=1 outsize=1616

Cmd: compileComputeKernel
  insize=8843 file=Packages/com.unity.render-pipelines.core/Tests/Runtime/Threading/FunctionTestsWave.compute kernel=kReadLaneAtBroadcast ppOnly=0 stripLineD=0 buildPlatform=9 km=<UNITY_VERSION=60030010> pKW=UNITY_NO_DXT5nm UNITY_NO_RGBM UNITY_ENABLE_REFLECTION_BUFFERS UNITY_FRAMEBUFFER_FETCH_AVAILABLE UNITY_NO_SCREENSPACE_SHADOWS UNITY_PBS_USE_BRDF3 SHADER_API_MOBILE UNITY_COLORSPACE_GAMMA UNITY_LIGHTMAP_DLDR_ENCODING uKW=SHADER_STAGE_COMPUTE platform=metal flags=268439584 reqs=50241 forceDXC=0 forceFXC=0 ok=1 outsize=1597

Cmd: compileComputeKernel
  insize=8843 file=Packages/com.unity.render-pipelines.core/Tests/Runtime/Threading/FunctionTestsWave.compute kernel=kPrefixSum ppOnly=0 stripLineD=0 buildPlatform=9 km=<UNITY_VERSION=60030010> pKW=UNITY_NO_DXT5nm UNITY_NO_RGBM UNITY_ENABLE_REFLECTION_BUFFERS UNITY_FRAMEBUFFER_FETCH_AVAILABLE UNITY_NO_SCREENSPACE_SHADOWS UNITY_PBS_USE_BRDF3 SHADER_API_MOBILE UNITY_COLORSPACE_GAMMA UNITY_LIGHTMAP_DLDR_ENCODING uKW=SHADER_STAGE_COMPUTE platform=metal flags=268439584 reqs=50241 forceDXC=0 forceFXC=0 ok=1 outsize=3566

Cmd: compileComputeKernel
  insize=8843 file=Packages/com.unity.render-pipelines.core/Tests/Runtime/Threading/FunctionTestsWave.compute kernel=kPrefixProduct ppOnly=0 stripLineD=0 buildPlatform=9 km=<UNITY_VERSION=60030010> pKW=UNITY_NO_DXT5nm UNITY_NO_RGBM UNITY_ENABLE_REFLECTION_BUFFERS UNITY_FRAMEBUFFER_FETCH_AVAILABLE UNITY_NO_SCREENSPACE_SHADOWS UNITY_PBS_USE_BRDF3 SHADER_API_MOBILE UNITY_COLORSPACE_GAMMA UNITY_LIGHTMAP_DLDR_ENCODING uKW=SHADER_STAGE_COMPUTE platform=metal flags=268439584 reqs=50241 forceDXC=0 forceFXC=0 ok=1 outsize=4108

Cmd: compileComputeKernel
  insize=8843 file=Packages/com.unity.render-pipelines.core/Tests/Runtime/Threading/FunctionTestsWave.compute kernel=kPrefixCountBits ppOnly=0 stripLineD=0 buildPlatform=9 km=<UNITY_VERSION=60030010> pKW=UNITY_NO_DXT5nm UNITY_NO_RGBM UNITY_ENABLE_REFLECTION_BUFFERS UNITY_FRAMEBUFFER_FETCH_AVAILABLE UNITY_NO_SCREENSPACE_SHADOWS UNITY_PBS_USE_BRDF3 SHADER_API_MOBILE UNITY_COLORSPACE_GAMMA UNITY_LIGHTMAP_DLDR_ENCODING uKW=SHADER_STAGE_COMPUTE platform=metal flags=268439584 reqs=50241 forceDXC=0 forceFXC=0 ok=1 outsize=3768

Cmd: compileComputeKernel
  insize=8843 file=Packages/com.unity.render-pipelines.core/Tests/Runtime/Threading/FunctionTestsWave.compute kernel=kIsFirstLane ppOnly=0 stripLineD=0 buildPlatform=9 km=<UNITY_VERSION=60030010> pKW=UNITY_NO_DXT5nm UNITY_NO_RGBM UNITY_ENABLE_REFLECTION_BUFFERS UNITY_FRAMEBUFFER_FETCH_AVAILABLE UNITY_NO_SCREENSPACE_SHADOWS UNITY_PBS_USE_BRDF3 SHADER_API_MOBILE UNITY_COLORSPACE_GAMMA UNITY_LIGHTMAP_DLDR_ENCODING uKW=SHADER_STAGE_COMPUTE platform=metal flags=268439584 reqs=50241 forceDXC=0 forceFXC=0 ok=1 outsize=746

Cmd: compileComputeKernel
  insize=8843 file=Packages/com.unity.render-pipelines.core/Tests/Runtime/Threading/FunctionTestsWave.compute kernel=kGetLaneIndex ppOnly=0 stripLineD=0 buildPlatform=9 km=<UNITY_VERSION=60030010> pKW=UNITY_NO_DXT5nm UNITY_NO_RGBM UNITY_ENABLE_REFLECTION_BUFFERS UNITY_FRAMEBUFFER_FETCH_AVAILABLE UNITY_NO_SCREENSPACE_SHADOWS UNITY_PBS_USE_BRDF3 SHADER_API_MOBILE UNITY_COLORSPACE_GAMMA UNITY_LIGHTMAP_DLDR_ENCODING uKW=SHADER_STAGE_COMPUTE platform=metal flags=268439584 reqs=50241 forceDXC=0 forceFXC=0 ok=1 outsize=1010

Cmd: compileComputeKernel
  insize=8843 file=Packages/com.unity.render-pipelines.core/Tests/Runtime/Threading/FunctionTestsWave.compute kernel=kGetLaneCount ppOnly=0 stripLineD=0 buildPlatform=9 km=<UNITY_VERSION=60030010> pKW=UNITY_NO_DXT5nm UNITY_NO_RGBM UNITY_ENABLE_REFLECTION_BUFFERS UNITY_FRAMEBUFFER_FETCH_AVAILABLE UNITY_NO_SCREENSPACE_SHADOWS UNITY_PBS_USE_BRDF3 SHADER_API_MOBILE UNITY_COLORSPACE_GAMMA UNITY_LIGHTMAP_DLDR_ENCODING uKW=SHADER_STAGE_COMPUTE platform=metal flags=268439584 reqs=50241 forceDXC=0 forceFXC=0 ok=1 outsize=526

Cmd: compileComputeKernel
  insize=8843 file=Packages/com.unity.render-pipelines.core/Tests/Runtime/Threading/FunctionTestsWave.compute kernel=kSum ppOnly=0 stripLineD=0 buildPlatform=9 km=<UNITY_VERSION=60030010> pKW=UNITY_NO_DXT5nm UNITY_NO_RGBM UNITY_ENABLE_REFLECTION_BUFFERS UNITY_FRAMEBUFFER_FETCH_AVAILABLE UNITY_NO_SCREENSPACE_SHADOWS UNITY_PBS_USE_BRDF3 SHADER_API_MOBILE UNITY_COLORSPACE_GAMMA UNITY_LIGHTMAP_DLDR_ENCODING uKW=SHADER_STAGE_COMPUTE platform=metal flags=268439584 reqs=50241 forceDXC=0 forceFXC=0 ok=1 outsize=3510

Cmd: compileComputeKernel
  insize=8843 file=Packages/com.unity.render-pipelines.core/Tests/Runtime/Threading/FunctionTestsWave.compute kernel=kProduct ppOnly=0 stripLineD=0 buildPlatform=9 km=<UNITY_VERSION=60030010> pKW=UNITY_NO_DXT5nm UNITY_NO_RGBM UNITY_ENABLE_REFLECTION_BUFFERS UNITY_FRAMEBUFFER_FETCH_AVAILABLE UNITY_NO_SCREENSPACE_SHADOWS UNITY_PBS_USE_BRDF3 SHADER_API_MOBILE UNITY_COLORSPACE_GAMMA UNITY_LIGHTMAP_DLDR_ENCODING uKW=SHADER_STAGE_COMPUTE platform=metal flags=268439584 reqs=50241 forceDXC=0 forceFXC=0 ok=1 outsize=3443

Cmd: compileComputeKernel
  insize=8843 file=Packages/com.unity.render-pipelines.core/Tests/Runtime/Threading/FunctionTestsWave.compute kernel=kMin ppOnly=0 stripLineD=0 buildPlatform=9 km=<UNITY_VERSION=60030010> pKW=UNITY_NO_DXT5nm UNITY_NO_RGBM UNITY_ENABLE_REFLECTION_BUFFERS UNITY_FRAMEBUFFER_FETCH_AVAILABLE UNITY_NO_SCREENSPACE_SHADOWS UNITY_PBS_USE_BRDF3 SHADER_API_MOBILE UNITY_COLORSPACE_GAMMA UNITY_LIGHTMAP_DLDR_ENCODING uKW=SHADER_STAGE_COMPUTE platform=metal flags=268439584 reqs=50241 forceDXC=0 forceFXC=0 ok=1 outsize=3383

Cmd: compileComputeKernel
  insize=8843 file=Packages/com.unity.render-pipelines.core/Tests/Runtime/Threading/FunctionTestsWave.compute kernel=kMax ppOnly=0 stripLineD=0 buildPlatform=9 km=<UNITY_VERSION=60030010> pKW=UNITY_NO_DXT5nm UNITY_NO_RGBM UNITY_ENABLE_REFLECTION_BUFFERS UNITY_FRAMEBUFFER_FETCH_AVAILABLE UNITY_NO_SCREENSPACE_SHADOWS UNITY_PBS_USE_BRDF3 SHADER_API_MOBILE UNITY_COLORSPACE_GAMMA UNITY_LIGHTMAP_DLDR_ENCODING uKW=SHADER_STAGE_COMPUTE platform=metal flags=268439584 reqs=50241 forceDXC=0 forceFXC=0 ok=1 outsize=3410

Cmd: compileComputeKernel
  insize=8843 file=Packages/com.unity.render-pipelines.core/Tests/Runtime/Threading/FunctionTestsWave.compute kernel=kCountBits ppOnly=0 stripLineD=0 buildPlatform=9 km=<UNITY_VERSION=60030010> pKW=UNITY_NO_DXT5nm UNITY_NO_RGBM UNITY_ENABLE_REFLECTION_BUFFERS UNITY_FRAMEBUFFER_FETCH_AVAILABLE UNITY_NO_SCREENSPACE_SHADOWS UNITY_PBS_USE_BRDF3 SHADER_API_MOBILE UNITY_COLORSPACE_GAMMA UNITY_LIGHTMAP_DLDR_ENCODING uKW=SHADER_STAGE_COMPUTE platform=metal flags=268439584 reqs=50241 forceDXC=0 forceFXC=0 ok=1 outsize=4072

Cmd: compileComputeKernel
  insize=8843 file=Packages/com.unity.render-pipelines.core/Tests/Runtime/Threading/FunctionTestsWave.compute kernel=kBitXor ppOnly=0 stripLineD=0 buildPlatform=9 km=<UNITY_VERSION=60030010> pKW=UNITY_NO_DXT5nm UNITY_NO_RGBM UNITY_ENABLE_REFLECTION_BUFFERS UNITY_FRAMEBUFFER_FETCH_AVAILABLE UNITY_NO_SCREENSPACE_SHADOWS UNITY_PBS_USE_BRDF3 SHADER_API_MOBILE UNITY_COLORSPACE_GAMMA UNITY_LIGHTMAP_DLDR_ENCODING uKW=SHADER_STAGE_COMPUTE platform=metal flags=268439584 reqs=50241 forceDXC=0 forceFXC=0 ok=1 outsize=3571

Cmd: compileComputeKernel
  insize=8843 file=Packages/com.unity.render-pipelines.core/Tests/Runtime/Threading/FunctionTestsWave.compute kernel=kBitOr ppOnly=0 stripLineD=0 buildPlatform=9 km=<UNITY_VERSION=60030010> pKW=UNITY_NO_DXT5nm UNITY_NO_RGBM UNITY_ENABLE_REFLECTION_BUFFERS UNITY_FRAMEBUFFER_FETCH_AVAILABLE UNITY_NO_SCREENSPACE_SHADOWS UNITY_PBS_USE_BRDF3 SHADER_API_MOBILE UNITY_COLORSPACE_GAMMA UNITY_LIGHTMAP_DLDR_ENCODING uKW=SHADER_STAGE_COMPUTE platform=metal flags=268439584 reqs=50241 forceDXC=0 forceFXC=0 ok=1 outsize=3570

Cmd: compileComputeKernel
  insize=8843 file=Packages/com.unity.render-pipelines.core/Tests/Runtime/Threading/FunctionTestsWave.compute kernel=kBitAnd ppOnly=0 stripLineD=0 buildPlatform=9 km=<UNITY_VERSION=60030010> pKW=UNITY_NO_DXT5nm UNITY_NO_RGBM UNITY_ENABLE_REFLECTION_BUFFERS UNITY_FRAMEBUFFER_FETCH_AVAILABLE UNITY_NO_SCREENSPACE_SHADOWS UNITY_PBS_USE_BRDF3 SHADER_API_MOBILE UNITY_COLORSPACE_GAMMA UNITY_LIGHTMAP_DLDR_ENCODING uKW=SHADER_STAGE_COMPUTE platform=metal flags=268439584 reqs=50241 forceDXC=0 forceFXC=0 ok=1 outsize=3527

Cmd: compileComputeKernel
  insize=8843 file=Packages/com.unity.render-pipelines.core/Tests/Runtime/Threading/FunctionTestsWave.compute kernel=kBallot ppOnly=0 stripLineD=0 buildPlatform=9 km=<UNITY_VERSION=60030010> pKW=UNITY_NO_DXT5nm UNITY_NO_RGBM UNITY_ENABLE_REFLECTION_BUFFERS UNITY_FRAMEBUFFER_FETCH_AVAILABLE UNITY_NO_SCREENSPACE_SHADOWS UNITY_PBS_USE_BRDF3 SHADER_API_MOBILE UNITY_COLORSPACE_GAMMA UNITY_LIGHTMAP_DLDR_ENCODING uKW=SHADER_STAGE_COMPUTE platform=metal flags=268439584 reqs=50241 forceDXC=0 forceFXC=0 ok=1 outsize=4069

Cmd: compileComputeKernel
  insize=8843 file=Packages/com.unity.render-pipelines.core/Tests/Runtime/Threading/FunctionTestsWave.compute kernel=kAnyTrue ppOnly=0 stripLineD=0 buildPlatform=9 km=<UNITY_VERSION=60030010> pKW=UNITY_NO_DXT5nm UNITY_NO_RGBM UNITY_ENABLE_REFLECTION_BUFFERS UNITY_FRAMEBUFFER_FETCH_AVAILABLE UNITY_NO_SCREENSPACE_SHADOWS UNITY_PBS_USE_BRDF3 SHADER_API_MOBILE UNITY_COLORSPACE_GAMMA UNITY_LIGHTMAP_DLDR_ENCODING uKW=SHADER_STAGE_COMPUTE platform=metal flags=268439584 reqs=50241 forceDXC=0 forceFXC=0 ok=1 outsize=3582

Cmd: compileComputeKernel
  insize=8843 file=Packages/com.unity.render-pipelines.core/Tests/Runtime/Threading/FunctionTestsWave.compute kernel=kAllTrue ppOnly=0 stripLineD=0 buildPlatform=9 km=<UNITY_VERSION=60030010> pKW=UNITY_NO_DXT5nm UNITY_NO_RGBM UNITY_ENABLE_REFLECTION_BUFFERS UNITY_FRAMEBUFFER_FETCH_AVAILABLE UNITY_NO_SCREENSPACE_SHADOWS UNITY_PBS_USE_BRDF3 SHADER_API_MOBILE UNITY_COLORSPACE_GAMMA UNITY_LIGHTMAP_DLDR_ENCODING uKW=SHADER_STAGE_COMPUTE platform=metal flags=268439584 reqs=50241 forceDXC=0 forceFXC=0 ok=1 outsize=3572

Cmd: compileComputeKernel
  insize=8843 file=Packages/com.unity.render-pipelines.core/Tests/Runtime/Threading/FunctionTestsWave.compute kernel=kAllEqual ppOnly=0 stripLineD=0 buildPlatform=9 km=<UNITY_VERSION=60030010> pKW=UNITY_NO_DXT5nm UNITY_NO_RGBM UNITY_ENABLE_REFLECTION_BUFFERS UNITY_FRAMEBUFFER_FETCH_AVAILABLE UNITY_NO_SCREENSPACE_SHADOWS UNITY_PBS_USE_BRDF3 SHADER_API_MOBILE UNITY_COLORSPACE_GAMMA UNITY_LIGHTMAP_DLDR_ENCODING uKW=SHADER_STAGE_COMPUTE platform=metal flags=268439584 reqs=50241 forceDXC=0 forceFXC=0 ok=1 outsize=3855

Cmd: compileComputeKernel
  insize=2844 file=Packages/com.unity.render-pipelines.core/Runtime/UnifiedRayTracing/Compute/RadeonRays/kernels/bit_histogram.compute kernel=BitHistogram ppOnly=0 stripLineD=0 buildPlatform=9 km=<UNITY_VERSION=60030010> pKW=UNITY_NO_DXT5nm UNITY_NO_RGBM UNITY_ENABLE_REFLECTION_BUFFERS UNITY_FRAMEBUFFER_FETCH_AVAILABLE UNITY_NO_SCREENSPACE_SHADOWS UNITY_PBS_USE_BRDF3 SHADER_API_MOBILE UNITY_COLORSPACE_GAMMA UNITY_LIGHTMAP_DLDR_ENCODING uKW=SHADER_STAGE_COMPUTE platform=metal flags=268439584 reqs=50241 forceDXC=0 forceFXC=0 ok=1 outsize=2742

Cmd: compileComputeKernel
  insize=559 file=Packages/com.unity.render-pipelines.core/Runtime/UnifiedRayTracing/Common/Utilities/CopyBuffer.compute kernel=CopyBuffer ppOnly=0 stripLineD=0 buildPlatform=9 km=<UNITY_VERSION=60030010> pKW=UNITY_NO_DXT5nm UNITY_NO_RGBM UNITY_ENABLE_REFLECTION_BUFFERS UNITY_FRAMEBUFFER_FETCH_AVAILABLE UNITY_NO_SCREENSPACE_SHADOWS UNITY_PBS_USE_BRDF3 SHADER_API_MOBILE UNITY_COLORSPACE_GAMMA UNITY_LIGHTMAP_DLDR_ENCODING uKW=SHADER_STAGE_COMPUTE platform=metal flags=268439584 reqs=50241 forceDXC=0 forceFXC=0 ok=1 outsize=1581

Cmd: compileComputeKernel
  insize=1720 file=Packages/com.unity.render-pipelines.core/Tests/Editor/UnifiedRayTracing/TraceRaysAndFetchAttributes.urtshader kernel=ComputeIndirectDispatchDims ppOnly=0 stripLineD=0 buildPlatform=9 km=<UNITY_VERSION=60030010> pKW=UNITY_NO_DXT5nm UNITY_NO_RGBM UNITY_ENABLE_REFLECTION_BUFFERS UNITY_FRAMEBUFFER_FETCH_AVAILABLE UNITY_NO_SCREENSPACE_SHADOWS UNITY_PBS_USE_BRDF3 SHADER_API_MOBILE UNITY_COLORSPACE_GAMMA UNITY_LIGHTMAP_DLDR_ENCODING uKW=SHADER_STAGE_COMPUTE platform=metal flags=268439584 reqs=50241 forceDXC=0 forceFXC=0 ok=1 outsize=1889

Cmd: compileComputeKernel
  insize=1720 file=Packages/com.unity.render-pipelines.core/Tests/Editor/UnifiedRayTracing/TraceRaysAndFetchAttributes.urtshader kernel=MainRayGenShader ppOnly=0 stripLineD=0 buildPlatform=9 km=<UNITY_VERSION=60030010> pKW=UNITY_NO_DXT5nm UNITY_NO_RGBM UNITY_ENABLE_REFLECTION_BUFFERS UNITY_FRAMEBUFFER_FETCH_AVAILABLE UNITY_NO_SCREENSPACE_SHADOWS UNITY_PBS_USE_BRDF3 SHADER_API_MOBILE UNITY_COLORSPACE_GAMMA UNITY_LIGHTMAP_DLDR_ENCODING uKW=SHADER_STAGE_COMPUTE platform=metal flags=268439584 reqs=50241 forceDXC=0 forceFXC=0 ok=1 outsize=39343

Cmd: compileComputeKernel
  insize=1151 file=Packages/com.unity.render-pipelines.core/Runtime/RenderPipelineResources/GPUDriven/InstanceWindDataUpdateKernels.compute kernel=WindDataCopyHistoryMain ppOnly=0 stripLineD=0 buildPlatform=9 km=<UNITY_VERSION=60030010> pKW=UNITY_NO_DXT5nm UNITY_NO_RGBM UNITY_ENABLE_REFLECTION_BUFFERS UNITY_FRAMEBUFFER_FETCH_AVAILABLE UNITY_NO_SCREENSPACE_SHADOWS UNITY_PBS_USE_BRDF3 SHADER_API_MOBILE UNITY_COLORSPACE_GAMMA UNITY_LIGHTMAP_DLDR_ENCODING uKW=SHADER_STAGE_COMPUTE platform=metal flags=268439584 reqs=50241 forceDXC=0 forceFXC=0 ok=1 outsize=12079

Cmd: compileComputeKernel
  insize=931 file=Packages/com.unity.render-pipelines.core/Runtime/UnifiedRayTracing/Compute/RadeonRays/kernels/CopyPositions.compute kernel=CopyVertexBuffer ppOnly=0 stripLineD=0 buildPlatform=9 km=<UNITY_VERSION=60030010> pKW=UNITY_NO_DXT5nm UNITY_NO_RGBM UNITY_ENABLE_REFLECTION_BUFFERS UNITY_FRAMEBUFFER_FETCH_AVAILABLE UNITY_NO_SCREENSPACE_SHADOWS UNITY_PBS_USE_BRDF3 SHADER_API_MOBILE UNITY_COLORSPACE_GAMMA UNITY_LIGHTMAP_DLDR_ENCODING uKW=SHADER_STAGE_COMPUTE platform=metal flags=268439584 reqs=50241 forceDXC=0 forceFXC=0 ok=1 outsize=2316

Cmd: compileComputeKernel
  insize=619 file=Packages/com.unity.render-pipelines.core/Tests/Editor/CopyDepthToBuffer.compute kernel=CSMain ppOnly=0 stripLineD=0 buildPlatform=9 km=<UNITY_VERSION=60030010> pKW=UNITY_NO_DXT5nm UNITY_NO_RGBM UNITY_ENABLE_REFLECTION_BUFFERS UNITY_FRAMEBUFFER_FETCH_AVAILABLE UNITY_NO_SCREENSPACE_SHADOWS UNITY_PBS_USE_BRDF3 SHADER_API_MOBILE UNITY_COLORSPACE_GAMMA UNITY_LIGHTMAP_DLDR_ENCODING uKW=SHADER_STAGE_COMPUTE platform=metal flags=268439584 reqs=50241 forceDXC=0 forceFXC=0 ok=1 outsize=947

Cmd: compileComputeKernel
  insize=6888 file=Packages/com.unity.render-pipelines.core/Editor/Lighting/ProbeVolume/ProbeVolumeSubdivide.compute kernel=Subdivide ppOnly=0 stripLineD=0 buildPlatform=9 km=<UNITY_VERSION=60030010> pKW=UNITY_NO_DXT5nm UNITY_NO_RGBM UNITY_ENABLE_REFLECTION_BUFFERS UNITY_FRAMEBUFFER_FETCH_AVAILABLE UNITY_NO_SCREENSPACE_SHADOWS UNITY_PBS_USE_BRDF3 SHADER_API_MOBILE UNITY_COLORSPACE_GAMMA UNITY_LIGHTMAP_DLDR_ENCODING uKW=SHADER_STAGE_COMPUTE platform=metal flags=268439584 reqs=50241 forceDXC=0 forceFXC=0 ok=1 outsize=3951

Cmd: compileComputeKernel
  insize=6888 file=Packages/com.unity.render-pipelines.core/Editor/Lighting/ProbeVolume/ProbeVolumeSubdivide.compute kernel=VoxelizeProbeVolumeData ppOnly=0 stripLineD=0 buildPlatform=9 km=<UNITY_VERSION=60030010> pKW=UNITY_NO_DXT5nm UNITY_NO_RGBM UNITY_ENABLE_REFLECTION_BUFFERS UNITY_FRAMEBUFFER_FETCH_AVAILABLE UNITY_NO_SCREENSPACE_SHADOWS UNITY_PBS_USE_BRDF3 SHADER_API_MOBILE UNITY_COLORSPACE_GAMMA UNITY_LIGHTMAP_DLDR_ENCODING uKW=SHADER_STAGE_COMPUTE platform=metal flags=268439584 reqs=50241 forceDXC=0 forceFXC=0 ok=1 outsize=9939

Cmd: compileComputeKernel
  insize=6888 file=Packages/com.unity.render-pipelines.core/Editor/Lighting/ProbeVolume/ProbeVolumeSubdivide.compute kernel=FinalPass ppOnly=0 stripLineD=0 buildPlatform=9 km=<UNITY_VERSION=60030010> pKW=UNITY_NO_DXT5nm UNITY_NO_RGBM UNITY_ENABLE_REFLECTION_BUFFERS UNITY_FRAMEBUFFER_FETCH_AVAILABLE UNITY_NO_SCREENSPACE_SHADOWS UNITY_PBS_USE_BRDF3 SHADER_API_MOBILE UNITY_COLORSPACE_GAMMA UNITY_LIGHTMAP_DLDR_ENCODING uKW=SHADER_STAGE_COMPUTE platform=metal flags=268439584 reqs=50241 forceDXC=0 forceFXC=0 ok=1 outsize=1942

Cmd: compileComputeKernel
  insize=6888 file=Packages/com.unity.render-pipelines.core/Editor/Lighting/ProbeVolume/ProbeVolumeSubdivide.compute kernel=JumpFlooding ppOnly=0 stripLineD=0 buildPlatform=9 km=<UNITY_VERSION=60030010> pKW=UNITY_NO_DXT5nm UNITY_NO_RGBM UNITY_ENABLE_REFLECTION_BUFFERS UNITY_FRAMEBUFFER_FETCH_AVAILABLE UNITY_NO_SCREENSPACE_SHADOWS UNITY_PBS_USE_BRDF3 SHADER_API_MOBILE UNITY_COLORSPACE_GAMMA UNITY_LIGHTMAP_DLDR_ENCODING uKW=SHADER_STAGE_COMPUTE platform=metal flags=268439584 reqs=50241 forceDXC=0 forceFXC=0 ok=1 outsize=36378

Cmd: compileComputeKernel
  insize=6888 file=Packages/com.unity.render-pipelines.core/Editor/Lighting/ProbeVolume/ProbeVolumeSubdivide.compute kernel=FillUVMap ppOnly=0 stripLineD=0 buildPlatform=9 km=<UNITY_VERSION=60030010> pKW=UNITY_NO_DXT5nm UNITY_NO_RGBM UNITY_ENABLE_REFLECTION_BUFFERS UNITY_FRAMEBUFFER_FETCH_AVAILABLE UNITY_NO_SCREENSPACE_SHADOWS UNITY_PBS_USE_BRDF3 SHADER_API_MOBILE UNITY_COLORSPACE_GAMMA UNITY_LIGHTMAP_DLDR_ENCODING uKW=SHADER_STAGE_COMPUTE platform=metal flags=268439584 reqs=50241 forceDXC=0 forceFXC=0 ok=1 outsize=1956

Cmd: compileComputeKernel
  insize=6888 file=Packages/com.unity.render-pipelines.core/Editor/Lighting/ProbeVolume/ProbeVolumeSubdivide.compute kernel=ClearBuffer ppOnly=0 stripLineD=0 buildPlatform=9 km=<UNITY_VERSION=60030010> pKW=UNITY_NO_DXT5nm UNITY_NO_RGBM UNITY_ENABLE_REFLECTION_BUFFERS UNITY_FRAMEBUFFER_FETCH_AVAILABLE UNITY_NO_SCREENSPACE_SHADOWS UNITY_PBS_USE_BRDF3 SHADER_API_MOBILE UNITY_COLORSPACE_GAMMA UNITY_LIGHTMAP_DLDR_ENCODING uKW=SHADER_STAGE_COMPUTE platform=metal flags=268439584 reqs=50241 forceDXC=0 forceFXC=0 ok=1 outsize=1755

Cmd: compileComputeKernel
  insize=6888 file=Packages/com.unity.render-pipelines.core/Editor/Lighting/ProbeVolume/ProbeVolumeSubdivide.compute kernel=Clear ppOnly=0 stripLineD=0 buildPlatform=9 km=<UNITY_VERSION=60030010> pKW=UNITY_NO_DXT5nm UNITY_NO_RGBM UNITY_ENABLE_REFLECTION_BUFFERS UNITY_FRAMEBUFFER_FETCH_AVAILABLE UNITY_NO_SCREENSPACE_SHADOWS UNITY_PBS_USE_BRDF3 SHADER_API_MOBILE UNITY_COLORSPACE_GAMMA UNITY_LIGHTMAP_DLDR_ENCODING uKW=SHADER_STAGE_COMPUTE platform=metal flags=268439584 reqs=50241 forceDXC=0 forceFXC=0 ok=1 outsize=1690

Cmd: compileComputeKernel
  insize=2769 file=Packages/com.unity.render-pipelines.core/Editor/Lighting/ProbeVolume/RenderingLayerMask/TraceRenderingLayerMask.urtshader kernel=ComputeIndirectDispatchDims ppOnly=0 stripLineD=0 buildPlatform=9 km=<UNITY_VERSION=60030010> pKW=UNITY_NO_DXT5nm UNITY_NO_RGBM UNITY_ENABLE_REFLECTION_BUFFERS UNITY_FRAMEBUFFER_FETCH_AVAILABLE UNITY_NO_SCREENSPACE_SHADOWS UNITY_PBS_USE_BRDF3 SHADER_API_MOBILE UNITY_COLORSPACE_GAMMA UNITY_LIGHTMAP_DLDR_ENCODING uKW=SHADER_STAGE_COMPUTE platform=metal flags=268439584 reqs=50241 forceDXC=0 forceFXC=0 ok=1 outsize=1906

Cmd: compileComputeKernel
  insize=2769 file=Packages/com.unity.render-pipelines.core/Editor/Lighting/ProbeVolume/RenderingLayerMask/TraceRenderingLayerMask.urtshader kernel=MainRayGenShader ppOnly=0 stripLineD=0 buildPlatform=9 km=<UNITY_VERSION=60030010> pKW=UNITY_NO_DXT5nm UNITY_NO_RGBM UNITY_ENABLE_REFLECTION_BUFFERS UNITY_FRAMEBUFFER_FETCH_AVAILABLE UNITY_NO_SCREENSPACE_SHADOWS UNITY_PBS_USE_BRDF3 SHADER_API_MOBILE UNITY_COLORSPACE_GAMMA UNITY_LIGHTMAP_DLDR_ENCODING uKW=SHADER_STAGE_COMPUTE platform=metal flags=268439584 reqs=50241 forceDXC=0 forceFXC=0 ok=1 outsize=34148

Cmd: compileComputeKernel
  insize=1836 file=Packages/com.unity.render-pipelines.core/Tests/Editor/UnifiedRayTracing/TraceTransparentRays.urtshader kernel=ComputeIndirectDispatchDims ppOnly=0 stripLineD=0 buildPlatform=9 km=<UNITY_VERSION=60030010> pKW=UNITY_NO_DXT5nm UNITY_NO_RGBM UNITY_ENABLE_REFLECTION_BUFFERS UNITY_FRAMEBUFFER_FETCH_AVAILABLE UNITY_NO_SCREENSPACE_SHADOWS UNITY_PBS_USE_BRDF3 SHADER_API_MOBILE UNITY_COLORSPACE_GAMMA UNITY_LIGHTMAP_DLDR_ENCODING uKW=SHADER_STAGE_COMPUTE platform=metal flags=268439584 reqs=50241 forceDXC=0 forceFXC=0 ok=1 outsize=1889

Cmd: compileComputeKernel
  insize=1836 file=Packages/com.unity.render-pipelines.core/Tests/Editor/UnifiedRayTracing/TraceTransparentRays.urtshader kernel=MainRayGenShader ppOnly=0 stripLineD=0 buildPlatform=9 km=<UNITY_VERSION=60030010> pKW=UNITY_NO_DXT5nm UNITY_NO_RGBM UNITY_ENABLE_REFLECTION_BUFFERS UNITY_FRAMEBUFFER_FETCH_AVAILABLE UNITY_NO_SCREENSPACE_SHADOWS UNITY_PBS_USE_BRDF3 SHADER_API_MOBILE UNITY_COLORSPACE_GAMMA UNITY_LIGHTMAP_DLDR_ENCODING uKW=SHADER_STAGE_COMPUTE platform=metal flags=268439584 reqs=50241 forceDXC=0 forceFXC=0 ok=1 outsize=36233

